This is pdfTeX, Version 3.14159265-2.6-1.40.19 (MiKTeX 2.9.6700 64-bit) (preloaded format=pdflatex 2018.6.7)  18 AUG 2018 11:24
entering extended mode
**./refman.tex
(refman.tex
LaTeX2e <2018-04-01> patch level 4
Babel <3.20> and hyphenation patterns for 75 language(s) loaded.
("C:\Program Files\MiKTeX 2.9\tex\latex\base\book.cls"
Document Class: book 2014/09/29 v1.4h Standard LaTeX document class
("C:\Program Files\MiKTeX 2.9\tex\latex\base\bk10.clo"
File: bk10.clo 2014/09/29 v1.4h Standard LaTeX file (size option)
)
\c@part=\count80
\c@chapter=\count81
\c@section=\count82
\c@subsection=\count83
\c@subsubsection=\count84
\c@paragraph=\count85
\c@subparagraph=\count86
\c@figure=\count87
\c@table=\count88
\abovecaptionskip=\skip41
\belowcaptionskip=\skip42
\bibindent=\dimen102
)
("C:\Program Files\MiKTeX 2.9\tex\latex\base\fixltx2e.sty"
Package: fixltx2e 2016/12/29 v2.1a fixes to LaTeX (obsolete)
Applying: [2015/01/01] Old fixltx2e package on input line 46.


Package fixltx2e Warning: fixltx2e is not required with releases after 2015
(fixltx2e)                All fixes are now in the LaTeX kernel.
(fixltx2e)                See the latexrelease package for details.

Already applied: [0000/00/00] Old fixltx2e package on input line 53.
) ("C:\Program Files\MiKTeX 2.9\tex\latex\tools\calc.sty"
Package: calc 2017/05/25 v4.3 Infix arithmetic (KKT,FJ)
\calc@Acount=\count89
\calc@Bcount=\count90
\calc@Adimen=\dimen103
\calc@Bdimen=\dimen104
\calc@Askip=\skip43
\calc@Bskip=\skip44
LaTeX Info: Redefining \setlength on input line 80.
LaTeX Info: Redefining \addtolength on input line 81.
\calc@Ccount=\count91
\calc@Cskip=\skip45
) (doxygen.sty
Package: doxygen 

("C:\Program Files\MiKTeX 2.9\tex\latex\base\alltt.sty"
Package: alltt 1997/06/16 v2.0g defines alltt environment
)
("C:\Program Files\MiKTeX 2.9\tex\latex\tools\array.sty"
Package: array 2018/04/30 v2.4h Tabular extension package (FMi)
\col@sep=\dimen105
\ar@mcellbox=\box26
\extrarowheight=\dimen106
\NC@list=\toks14
\extratabsurround=\skip46
\backup@length=\skip47
\ar@cellbox=\box27
)
("C:\Program Files\MiKTeX 2.9\tex\latex\float\float.sty"
Package: float 2001/11/08 v1.3d Float enhancements (AL)
\c@float@type=\count92
\float@exts=\toks15
\float@box=\box28
\@float@everytoks=\toks16
\@floatcapt=\box29
)
("C:\Program Files\MiKTeX 2.9\tex\latex\base\ifthen.sty"
Package: ifthen 2014/09/29 v1.1c Standard LaTeX ifthen package (DPC)
)
("C:\Program Files\MiKTeX 2.9\tex\latex\tools\verbatim.sty"
Package: verbatim 2014/10/28 v1.5q LaTeX2e package for verbatim enhancements
\every@verbatim=\toks17
\verbatim@line=\toks18
\verbatim@in@stream=\read1
)
(C:\Users\Bryant\AppData\Roaming\MiKTeX\2.9\tex\latex\xcolor\xcolor.sty
Package: xcolor 2016/05/11 v2.12 LaTeX color extensions (UK)

("C:\Program Files\MiKTeX 2.9\tex\latex\graphics-cfg\color.cfg"
File: color.cfg 2016/01/02 v1.6 sample color configuration
)
Package xcolor Info: Driver file: pdftex.def on input line 225.

("C:\Program Files\MiKTeX 2.9\tex\latex\graphics-def\pdftex.def"
File: pdftex.def 2018/01/08 v1.0l Graphics/color driver for pdftex
)
(C:\Users\Bryant\AppData\Roaming\MiKTeX\2.9\tex\latex\colortbl\colortbl.sty
Package: colortbl 2012/02/13 v1.0a Color table columns (DPC)
\everycr=\toks19
\minrowclearance=\skip48
)
\rownum=\count93
Package xcolor Info: Model `cmy' substituted by `cmy0' on input line 1348.
Package xcolor Info: Model `hsb' substituted by `rgb' on input line 1352.
Package xcolor Info: Model `RGB' extended on input line 1364.
Package xcolor Info: Model `HTML' substituted by `rgb' on input line 1366.
Package xcolor Info: Model `Hsb' substituted by `hsb' on input line 1367.
Package xcolor Info: Model `tHsb' substituted by `hsb' on input line 1368.
Package xcolor Info: Model `HSB' substituted by `hsb' on input line 1369.
Package xcolor Info: Model `Gray' substituted by `gray' on input line 1370.
Package xcolor Info: Model `wave' substituted by `hsb' on input line 1371.
)
("C:\Program Files\MiKTeX 2.9\tex\latex\tools\longtable.sty"
Package: longtable 2014/10/28 v4.11 Multi-page Table package (DPC)
\LTleft=\skip49
\LTright=\skip50
\LTpre=\skip51
\LTpost=\skip52
\LTchunksize=\count94
\LTcapwidth=\dimen107
\LT@head=\box30
\LT@firsthead=\box31
\LT@foot=\box32
\LT@lastfoot=\box33
\LT@cols=\count95
\LT@rows=\count96
\c@LT@tables=\count97
\c@LT@chunks=\count98
\LT@p@ftn=\toks20
)
(C:\Users\Bryant\AppData\Roaming\MiKTeX\2.9\tex\latex\tabu\tabu.sty
Package: tabu 2011/02/26 v2.8 - flexible LaTeX tabulars (FC)

(C:\Users\Bryant\AppData\Roaming\MiKTeX\2.9\tex\latex\varwidth\varwidth.sty
Package: varwidth 2009/03/30 ver 0.92;  Variable-width minipages
\@vwid@box=\box34
\sift@deathcycles=\count99
\@vwid@loff=\dimen108
\@vwid@roff=\dimen109
)
\c@taburow=\count100
\tabu@nbcols=\count101
\tabu@cnt=\count102
\tabu@Xcol=\count103
\tabu@alloc=\count104
\tabu@nested=\count105
\tabu@target=\dimen110
\tabu@spreadtarget=\dimen111
\tabu@naturalX=\dimen112
\tabucolX=\dimen113
\tabu@Xsum=\dimen114
\extrarowdepth=\dimen115
\abovetabulinesep=\dimen116
\belowtabulinesep=\dimen117
\tabustrutrule=\dimen118
\tabu@thebody=\toks21
\tabu@footnotes=\toks22
\tabu@box=\box35
\tabu@arstrutbox=\box36
\tabu@hleads=\box37
\tabu@vleads=\box38
\tabu@cellskip=\skip53
)
("C:\Program Files\MiKTeX 2.9\tex\latex\tools\tabularx.sty"
Package: tabularx 2016/02/03 v2.11b `tabularx' package (DPC)
\TX@col@width=\dimen119
\TX@old@table=\dimen120
\TX@old@col=\dimen121
\TX@target=\dimen122
\TX@delta=\dimen123
\TX@cols=\count106
\TX@ftn=\toks23
)
("C:\Program Files\MiKTeX 2.9\tex\latex\multirow\multirow.sty"
Package: multirow 2016/11/25 v2.2 Span multiple rows of a table
\multirow@colwidth=\skip54
\multirow@cntb=\count107
\multirow@dima=\skip55
\bigstrutjot=\dimen124
)
\xrefbox=\box39
\xreflength=\skip56
)
(C:\Users\Bryant\AppData\Roaming\MiKTeX\2.9\tex\latex\adjustbox\adjustbox.sty
Package: adjustbox 2012/05/21 v1.0 Adjusting TeX boxes (trim, clip, ...)

("C:\Program Files\MiKTeX 2.9\tex\latex\xkeyval\xkeyval.sty"
Package: xkeyval 2014/12/03 v2.7a package option processing (HA)

("C:\Program Files\MiKTeX 2.9\tex\generic\xkeyval\xkeyval.tex"
("C:\Program Files\MiKTeX 2.9\tex\generic\xkeyval\xkvutils.tex"
\XKV@toks=\toks24
\XKV@tempa@toks=\toks25

("C:\Program Files\MiKTeX 2.9\tex\generic\xkeyval\keyval.tex"))
\XKV@depth=\count108
File: xkeyval.tex 2014/12/03 v2.7a key=value parser (HA)
))
(C:\Users\Bryant\AppData\Roaming\MiKTeX\2.9\tex\latex\adjustbox\adjcalc.sty
Package: adjcalc 2012/05/16 v1.1 Provides advanced setlength with multiple back
-ends (calc, etex, pgfmath)
)
(C:\Users\Bryant\AppData\Roaming\MiKTeX\2.9\tex\latex\adjustbox\trimclip.sty
Package: trimclip 2012/05/16 v1.0 Trim and clip general TeX material

("C:\Program Files\MiKTeX 2.9\tex\latex\graphics\graphicx.sty"
Package: graphicx 2017/06/01 v1.1a Enhanced LaTeX Graphics (DPC,SPQR)

("C:\Program Files\MiKTeX 2.9\tex\latex\graphics\graphics.sty"
Package: graphics 2017/06/25 v1.2c Standard LaTeX Graphics (DPC,SPQR)

("C:\Program Files\MiKTeX 2.9\tex\latex\graphics\trig.sty"
Package: trig 2016/01/03 v1.10 sin cos tan (DPC)
)
("C:\Program Files\MiKTeX 2.9\tex\latex\graphics-cfg\graphics.cfg"
File: graphics.cfg 2016/06/04 v1.11 sample graphics configuration
)
Package graphics Info: Driver file: pdftex.def on input line 99.
)
\Gin@req@height=\dimen125
\Gin@req@width=\dimen126
)
(C:\Users\Bryant\AppData\Roaming\MiKTeX\2.9\tex\latex\collectbox\collectbox.sty
Package: collectbox 2012/05/17 v0.4b Collect macro arguments as boxes
\collectedbox=\box40
)
\tc@llx=\dimen127
\tc@lly=\dimen128
\tc@urx=\dimen129
\tc@ury=\dimen130
Package trimclip Info: Using driver 'tc-pdftex.def'.
 (C:\Users\Bryant\AppData\Roaming\MiKTeX\2.9\tex\latex\adjustbox\tc-pdftex.def
File: tc-pdftex.def 2012/05/13 v1.0 Clipping driver for pdftex
))
\adjbox@Width=\dimen131
\adjbox@Height=\dimen132
\adjbox@Depth=\dimen133
\adjbox@Totalheight=\dimen134

(C:\Users\Bryant\AppData\Roaming\MiKTeX\2.9\tex\latex\ifoddpage\ifoddpage.sty
Package: ifoddpage 2016/04/23 v1.1 Conditionals for odd/even page detection
\c@checkoddpage=\count109
)) ("C:\Program Files\MiKTeX 2.9\tex\latex\base\inputenc.sty"
Package: inputenc 2018/04/06 v1.3b Input encoding file
\inpenc@prehook=\toks26
\inpenc@posthook=\toks27
)
("C:\Program Files\MiKTeX 2.9\tex\latex\base\makeidx.sty"
Package: makeidx 2014/09/29 v1.0m Standard LaTeX package
)
("C:\Program Files\MiKTeX 2.9\tex\latex\tools\multicol.sty"
Package: multicol 2018/04/20 v1.8s multicolumn formatting (FMi)
\c@tracingmulticols=\count110
\mult@box=\box41
\multicol@leftmargin=\dimen135
\c@unbalance=\count111
\c@collectmore=\count112
\doublecol@number=\count113
\multicoltolerance=\count114
\multicolpretolerance=\count115
\full@width=\dimen136
\page@free=\dimen137
\premulticols=\dimen138
\postmulticols=\dimen139
\multicolsep=\skip57
\multicolbaselineskip=\skip58
\partial@page=\box42
\last@line=\box43
\maxbalancingoverflow=\dimen140
\mult@rightbox=\box44
\mult@grightbox=\box45
\mult@gfirstbox=\box46
\mult@firstbox=\box47
\@tempa=\box48
\@tempa=\box49
\@tempa=\box50
\@tempa=\box51
\@tempa=\box52
\@tempa=\box53
\@tempa=\box54
\@tempa=\box55
\@tempa=\box56
\@tempa=\box57
\@tempa=\box58
\@tempa=\box59
\@tempa=\box60
\@tempa=\box61
\@tempa=\box62
\@tempa=\box63
\@tempa=\box64
\c@columnbadness=\count116
\c@finalcolumnbadness=\count117
\last@try=\dimen141
\multicolovershoot=\dimen142
\multicolundershoot=\dimen143
\mult@nat@firstbox=\box65
\colbreak@box=\box66
\mc@col@check@num=\count118
)
("C:\Program Files\MiKTeX 2.9\tex\latex\base\textcomp.sty"
Package: textcomp 2017/04/05 v2.0i Standard LaTeX package
Package textcomp Info: Sub-encoding information:
(textcomp)               5 = only ISO-Adobe without \textcurrency
(textcomp)               4 = 5 + \texteuro
(textcomp)               3 = 4 + \textohm
(textcomp)               2 = 3 + \textestimated + \textcurrency
(textcomp)               1 = TS1 - \textcircled - \t
(textcomp)               0 = TS1 (full)
(textcomp)             Font families with sub-encoding setting implement
(textcomp)             only a restricted character set as indicated.
(textcomp)             Family '?' is the default used for unknown fonts.
(textcomp)             See the documentation for details.
Package textcomp Info: Setting ? sub-encoding to TS1/1 on input line 79.

("C:\Program Files\MiKTeX 2.9\tex\latex\base\ts1enc.def"
File: ts1enc.def 2001/06/05 v3.0e (jk/car/fm) Standard LaTeX file
Now handling font encoding TS1 ...
... processing UTF-8 mapping file for font encoding TS1

("C:\Program Files\MiKTeX 2.9\tex\latex\base\ts1enc.dfu"
File: ts1enc.dfu 2018/04/05 v1.2c UTF-8 support for inputenc
   defining Unicode char U+00A2 (decimal 162)
   defining Unicode char U+00A3 (decimal 163)
   defining Unicode char U+00A4 (decimal 164)
   defining Unicode char U+00A5 (decimal 165)
   defining Unicode char U+00A6 (decimal 166)
   defining Unicode char U+00A7 (decimal 167)
   defining Unicode char U+00A8 (decimal 168)
   defining Unicode char U+00A9 (decimal 169)
   defining Unicode char U+00AA (decimal 170)
   defining Unicode char U+00AC (decimal 172)
   defining Unicode char U+00AE (decimal 174)
   defining Unicode char U+00AF (decimal 175)
   defining Unicode char U+00B0 (decimal 176)
   defining Unicode char U+00B1 (decimal 177)
   defining Unicode char U+00B2 (decimal 178)
   defining Unicode char U+00B3 (decimal 179)
   defining Unicode char U+00B4 (decimal 180)
   defining Unicode char U+00B5 (decimal 181)
   defining Unicode char U+00B6 (decimal 182)
   defining Unicode char U+00B7 (decimal 183)
   defining Unicode char U+00B9 (decimal 185)
   defining Unicode char U+00BA (decimal 186)
   defining Unicode char U+00BC (decimal 188)
   defining Unicode char U+00BD (decimal 189)
   defining Unicode char U+00BE (decimal 190)
   defining Unicode char U+00D7 (decimal 215)
   defining Unicode char U+00F7 (decimal 247)
   defining Unicode char U+0192 (decimal 402)
   defining Unicode char U+02C7 (decimal 711)
   defining Unicode char U+02D8 (decimal 728)
   defining Unicode char U+02DD (decimal 733)
   defining Unicode char U+0E3F (decimal 3647)
   defining Unicode char U+2016 (decimal 8214)
   defining Unicode char U+2020 (decimal 8224)
   defining Unicode char U+2021 (decimal 8225)
   defining Unicode char U+2022 (decimal 8226)
   defining Unicode char U+2030 (decimal 8240)
   defining Unicode char U+2031 (decimal 8241)
   defining Unicode char U+203B (decimal 8251)
   defining Unicode char U+203D (decimal 8253)
   defining Unicode char U+2044 (decimal 8260)
   defining Unicode char U+204E (decimal 8270)
   defining Unicode char U+2052 (decimal 8274)
   defining Unicode char U+20A1 (decimal 8353)
   defining Unicode char U+20A4 (decimal 8356)
   defining Unicode char U+20A6 (decimal 8358)
   defining Unicode char U+20A9 (decimal 8361)
   defining Unicode char U+20AB (decimal 8363)
   defining Unicode char U+20AC (decimal 8364)
   defining Unicode char U+20B1 (decimal 8369)
   defining Unicode char U+2103 (decimal 8451)
   defining Unicode char U+2116 (decimal 8470)
   defining Unicode char U+2117 (decimal 8471)
   defining Unicode char U+211E (decimal 8478)
   defining Unicode char U+2120 (decimal 8480)
   defining Unicode char U+2122 (decimal 8482)
   defining Unicode char U+2126 (decimal 8486)
   defining Unicode char U+2127 (decimal 8487)
   defining Unicode char U+212E (decimal 8494)
   defining Unicode char U+2190 (decimal 8592)
   defining Unicode char U+2191 (decimal 8593)
   defining Unicode char U+2192 (decimal 8594)
   defining Unicode char U+2193 (decimal 8595)
   defining Unicode char U+2329 (decimal 9001)
   defining Unicode char U+232A (decimal 9002)
   defining Unicode char U+2422 (decimal 9250)
   defining Unicode char U+25E6 (decimal 9702)
   defining Unicode char U+25EF (decimal 9711)
   defining Unicode char U+266A (decimal 9834)
   defining Unicode char U+FEFF (decimal 65279)
))
LaTeX Info: Redefining \oldstylenums on input line 334.
Package textcomp Info: Setting cmr sub-encoding to TS1/0 on input line 349.
Package textcomp Info: Setting cmss sub-encoding to TS1/0 on input line 350.
Package textcomp Info: Setting cmtt sub-encoding to TS1/0 on input line 351.
Package textcomp Info: Setting cmvtt sub-encoding to TS1/0 on input line 352.
Package textcomp Info: Setting cmbr sub-encoding to TS1/0 on input line 353.
Package textcomp Info: Setting cmtl sub-encoding to TS1/0 on input line 354.
Package textcomp Info: Setting ccr sub-encoding to TS1/0 on input line 355.
Package textcomp Info: Setting ptm sub-encoding to TS1/4 on input line 356.
Package textcomp Info: Setting pcr sub-encoding to TS1/4 on input line 357.
Package textcomp Info: Setting phv sub-encoding to TS1/4 on input line 358.
Package textcomp Info: Setting ppl sub-encoding to TS1/3 on input line 359.
Package textcomp Info: Setting pag sub-encoding to TS1/4 on input line 360.
Package textcomp Info: Setting pbk sub-encoding to TS1/4 on input line 361.
Package textcomp Info: Setting pnc sub-encoding to TS1/4 on input line 362.
Package textcomp Info: Setting pzc sub-encoding to TS1/4 on input line 363.
Package textcomp Info: Setting bch sub-encoding to TS1/4 on input line 364.
Package textcomp Info: Setting put sub-encoding to TS1/5 on input line 365.
Package textcomp Info: Setting uag sub-encoding to TS1/5 on input line 366.
Package textcomp Info: Setting ugq sub-encoding to TS1/5 on input line 367.
Package textcomp Info: Setting ul8 sub-encoding to TS1/4 on input line 368.
Package textcomp Info: Setting ul9 sub-encoding to TS1/4 on input line 369.
Package textcomp Info: Setting augie sub-encoding to TS1/5 on input line 370.
Package textcomp Info: Setting dayrom sub-encoding to TS1/3 on input line 371.
Package textcomp Info: Setting dayroms sub-encoding to TS1/3 on input line 372.

Package textcomp Info: Setting pxr sub-encoding to TS1/0 on input line 373.
Package textcomp Info: Setting pxss sub-encoding to TS1/0 on input line 374.
Package textcomp Info: Setting pxtt sub-encoding to TS1/0 on input line 375.
Package textcomp Info: Setting txr sub-encoding to TS1/0 on input line 376.
Package textcomp Info: Setting txss sub-encoding to TS1/0 on input line 377.
Package textcomp Info: Setting txtt sub-encoding to TS1/0 on input line 378.
Package textcomp Info: Setting lmr sub-encoding to TS1/0 on input line 379.
Package textcomp Info: Setting lmdh sub-encoding to TS1/0 on input line 380.
Package textcomp Info: Setting lmss sub-encoding to TS1/0 on input line 381.
Package textcomp Info: Setting lmssq sub-encoding to TS1/0 on input line 382.
Package textcomp Info: Setting lmvtt sub-encoding to TS1/0 on input line 383.
Package textcomp Info: Setting lmtt sub-encoding to TS1/0 on input line 384.
Package textcomp Info: Setting qhv sub-encoding to TS1/0 on input line 385.
Package textcomp Info: Setting qag sub-encoding to TS1/0 on input line 386.
Package textcomp Info: Setting qbk sub-encoding to TS1/0 on input line 387.
Package textcomp Info: Setting qcr sub-encoding to TS1/0 on input line 388.
Package textcomp Info: Setting qcs sub-encoding to TS1/0 on input line 389.
Package textcomp Info: Setting qpl sub-encoding to TS1/0 on input line 390.
Package textcomp Info: Setting qtm sub-encoding to TS1/0 on input line 391.
Package textcomp Info: Setting qzc sub-encoding to TS1/0 on input line 392.
Package textcomp Info: Setting qhvc sub-encoding to TS1/0 on input line 393.
Package textcomp Info: Setting futs sub-encoding to TS1/4 on input line 394.
Package textcomp Info: Setting futx sub-encoding to TS1/4 on input line 395.
Package textcomp Info: Setting futj sub-encoding to TS1/4 on input line 396.
Package textcomp Info: Setting hlh sub-encoding to TS1/3 on input line 397.
Package textcomp Info: Setting hls sub-encoding to TS1/3 on input line 398.
Package textcomp Info: Setting hlst sub-encoding to TS1/3 on input line 399.
Package textcomp Info: Setting hlct sub-encoding to TS1/5 on input line 400.
Package textcomp Info: Setting hlx sub-encoding to TS1/5 on input line 401.
Package textcomp Info: Setting hlce sub-encoding to TS1/5 on input line 402.
Package textcomp Info: Setting hlcn sub-encoding to TS1/5 on input line 403.
Package textcomp Info: Setting hlcw sub-encoding to TS1/5 on input line 404.
Package textcomp Info: Setting hlcf sub-encoding to TS1/5 on input line 405.
Package textcomp Info: Setting pplx sub-encoding to TS1/3 on input line 406.
Package textcomp Info: Setting pplj sub-encoding to TS1/3 on input line 407.
Package textcomp Info: Setting ptmx sub-encoding to TS1/4 on input line 408.
Package textcomp Info: Setting ptmj sub-encoding to TS1/4 on input line 409.
)
(C:\Users\Bryant\AppData\Roaming\MiKTeX\2.9\tex\latex\wasysym\wasysym.sty
Package: wasysym 2003/10/30 v2.0 Wasy-2 symbol support package
\symwasy=\mathgroup4
LaTeX Font Info:    Overwriting symbol font `wasy' in version `bold'
(Font)                  U/wasy/m/n --> U/wasy/b/n on input line 90.
)
("C:\Program Files\MiKTeX 2.9\tex\latex\base\fontenc.sty"
Package: fontenc 2017/04/05 v2.0i Standard LaTeX package

("C:\Program Files\MiKTeX 2.9\tex\latex\base\t1enc.def"
File: t1enc.def 2017/04/05 v2.0i Standard LaTeX file
LaTeX Font Info:    Redeclaring font encoding T1 on input line 48.
))
("C:\Program Files\MiKTeX 2.9\tex\latex\psnfss\helvet.sty"
Package: helvet 2005/04/12 PSNFSS-v9.2a (WaS) 
)
("C:\Program Files\MiKTeX 2.9\tex\latex\psnfss\courier.sty"
Package: courier 2005/04/12 PSNFSS-v9.2a (WaS) 
)
("C:\Program Files\MiKTeX 2.9\tex\latex\amsfonts\amssymb.sty"
Package: amssymb 2013/01/14 v3.01 AMS font symbols

("C:\Program Files\MiKTeX 2.9\tex\latex\amsfonts\amsfonts.sty"
Package: amsfonts 2013/01/14 v3.01 Basic AMSFonts support
\@emptytoks=\toks28
\symAMSa=\mathgroup5
\symAMSb=\mathgroup6
LaTeX Font Info:    Overwriting math alphabet `\mathfrak' in version `bold'
(Font)                  U/euf/m/n --> U/euf/b/n on input line 106.
))
(C:\Users\Bryant\AppData\Roaming\MiKTeX\2.9\tex\latex\sectsty\sectsty.sty
Package: sectsty 2002/02/25 v2.0.2 Commands to change all sectional heading sty
les
)
("C:\Program Files\MiKTeX 2.9\tex\latex\geometry\geometry.sty"
Package: geometry 2018/04/16 v5.8 Page Geometry

("C:\Program Files\MiKTeX 2.9\tex\generic\oberdiek\ifpdf.sty"
Package: ifpdf 2017/03/15 v3.2 Provides the ifpdf switch
)
("C:\Program Files\MiKTeX 2.9\tex\generic\oberdiek\ifvtex.sty"
Package: ifvtex 2016/05/16 v1.6 Detect VTeX and its facilities (HO)
Package ifvtex Info: VTeX not detected.
)
("C:\Program Files\MiKTeX 2.9\tex\generic\ifxetex\ifxetex.sty"
Package: ifxetex 2010/09/12 v0.6 Provides ifxetex conditional
)
\Gm@cnth=\count119
\Gm@cntv=\count120
\c@Gm@tempcnt=\count121
\Gm@bindingoffset=\dimen144
\Gm@wd@mp=\dimen145
\Gm@odd@mp=\dimen146
\Gm@even@mp=\dimen147
\Gm@layoutwidth=\dimen148
\Gm@layoutheight=\dimen149
\Gm@layouthoffset=\dimen150
\Gm@layoutvoffset=\dimen151
\Gm@dimlist=\toks29

("C:\Program Files\MiKTeX 2.9\tex\latex\geometry\geometry.cfg"))
(C:\Users\Bryant\AppData\Roaming\MiKTeX\2.9\tex\latex\fancyhdr\fancyhdr.sty
Package: fancyhdr 2016/09/06 3.8 Extensive control of page headers and footers
\fancy@headwidth=\skip59
\f@ncyO@elh=\skip60
\f@ncyO@erh=\skip61
\f@ncyO@olh=\skip62
\f@ncyO@orh=\skip63
\f@ncyO@elf=\skip64
\f@ncyO@erf=\skip65
\f@ncyO@olf=\skip66
\f@ncyO@orf=\skip67
)
(C:\Users\Bryant\AppData\Roaming\MiKTeX\2.9\tex\latex\natbib\natbib.sty
Package: natbib 2010/09/13 8.31b (PWD, AO)
\bibhang=\skip68
\bibsep=\skip69
LaTeX Info: Redefining \cite on input line 694.
\c@NAT@ctr=\count122
)
(C:\Users\Bryant\AppData\Roaming\MiKTeX\2.9\tex\latex\tocloft\tocloft.sty
Package: tocloft 2013/05/02 v2.3f parameterised ToC, etc., typesetting
Package tocloft Info: The document has chapter divisions on input line 44.
\cftparskip=\skip70
\cftbeforetoctitleskip=\skip71
\cftaftertoctitleskip=\skip72
\cftbeforepartskip=\skip73
\cftpartnumwidth=\skip74
\cftpartindent=\skip75
\cftbeforechapskip=\skip76
\cftchapindent=\skip77
\cftchapnumwidth=\skip78
\cftbeforesecskip=\skip79
\cftsecindent=\skip80
\cftsecnumwidth=\skip81
\cftbeforesubsecskip=\skip82
\cftsubsecindent=\skip83
\cftsubsecnumwidth=\skip84
\cftbeforesubsubsecskip=\skip85
\cftsubsubsecindent=\skip86
\cftsubsubsecnumwidth=\skip87
\cftbeforeparaskip=\skip88
\cftparaindent=\skip89
\cftparanumwidth=\skip90
\cftbeforesubparaskip=\skip91
\cftsubparaindent=\skip92
\cftsubparanumwidth=\skip93
\cftbeforeloftitleskip=\skip94
\cftafterloftitleskip=\skip95
\cftbeforefigskip=\skip96
\cftfigindent=\skip97
\cftfignumwidth=\skip98
\c@lofdepth=\count123
\c@lotdepth=\count124
\cftbeforelottitleskip=\skip99
\cftafterlottitleskip=\skip100
\cftbeforetabskip=\skip101
\cfttabindent=\skip102
\cfttabnumwidth=\skip103
)
\@indexfile=\write3
\openout3 = `refman.idx'.


Writing index file refman.idx
("C:\Program Files\MiKTeX 2.9\tex\latex\hyperref\hyperref.sty"
Package: hyperref 2018/02/06 v6.86b Hypertext links for LaTeX

("C:\Program Files\MiKTeX 2.9\tex\generic\oberdiek\hobsub-hyperref.sty"
Package: hobsub-hyperref 2016/05/16 v1.14 Bundle oberdiek, subset hyperref (HO)


("C:\Program Files\MiKTeX 2.9\tex\generic\oberdiek\hobsub-generic.sty"
Package: hobsub-generic 2016/05/16 v1.14 Bundle oberdiek, subset generic (HO)
Package: hobsub 2016/05/16 v1.14 Construct package bundles (HO)
Package: infwarerr 2016/05/16 v1.4 Providing info/warning/error messages (HO)
Package: ltxcmds 2016/05/16 v1.23 LaTeX kernel commands for general use (HO)
Package: ifluatex 2016/05/16 v1.4 Provides the ifluatex switch (HO)
Package ifluatex Info: LuaTeX not detected.
Package hobsub Info: Skipping package `ifvtex' (already loaded).
Package: intcalc 2016/05/16 v1.2 Expandable calculations with integers (HO)
Package hobsub Info: Skipping package `ifpdf' (already loaded).
Package: etexcmds 2016/05/16 v1.6 Avoid name clashes with e-TeX commands (HO)
Package etexcmds Info: Could not find \expanded.
(etexcmds)             That can mean that you are not using pdfTeX 1.50 or
(etexcmds)             that some package has redefined \expanded.
(etexcmds)             In the latter case, load this package earlier.
Package: kvsetkeys 2016/05/16 v1.17 Key value parser (HO)
Package: kvdefinekeys 2016/05/16 v1.4 Define keys (HO)
Package: pdftexcmds 2018/01/30 v0.27 Utility functions of pdfTeX for LuaTeX (HO
)
Package pdftexcmds Info: LuaTeX not detected.
Package pdftexcmds Info: \pdf@primitive is available.
Package pdftexcmds Info: \pdf@ifprimitive is available.
Package pdftexcmds Info: \pdfdraftmode found.
Package: pdfescape 2016/05/16 v1.14 Implements pdfTeX's escape features (HO)
Package: bigintcalc 2016/05/16 v1.4 Expandable calculations on big integers (HO
)
Package: bitset 2016/05/16 v1.2 Handle bit-vector datatype (HO)
Package: uniquecounter 2016/05/16 v1.3 Provide unlimited unique counter (HO)
)
Package hobsub Info: Skipping package `hobsub' (already loaded).
Package: letltxmacro 2016/05/16 v1.5 Let assignment for LaTeX macros (HO)
Package: hopatch 2016/05/16 v1.3 Wrapper for package hooks (HO)
Package: xcolor-patch 2016/05/16 xcolor patch
Package: atveryend 2016/05/16 v1.9 Hooks at the very end of document (HO)
Package atveryend Info: \enddocument detected (standard20110627).
Package: atbegshi 2016/06/09 v1.18 At begin shipout hook (HO)
Package: refcount 2016/05/16 v3.5 Data extraction from label references (HO)
Package: hycolor 2016/05/16 v1.8 Color options for hyperref/bookmark (HO)
)
("C:\Program Files\MiKTeX 2.9\tex\latex\oberdiek\auxhook.sty"
Package: auxhook 2016/05/16 v1.4 Hooks for auxiliary files (HO)
)
("C:\Program Files\MiKTeX 2.9\tex\latex\oberdiek\kvoptions.sty"
Package: kvoptions 2016/05/16 v3.12 Key value format for package options (HO)
)
\@linkdim=\dimen152
\Hy@linkcounter=\count125
\Hy@pagecounter=\count126

("C:\Program Files\MiKTeX 2.9\tex\latex\hyperref\pd1enc.def"
File: pd1enc.def 2018/02/06 v6.86b Hyperref: PDFDocEncoding definition (HO)
Now handling font encoding PD1 ...
... no UTF-8 mapping file for font encoding PD1
)
\Hy@SavedSpaceFactor=\count127

("C:\Program Files\MiKTeX 2.9\tex\latex\00miktex\hyperref.cfg"
File: hyperref.cfg 2002/06/06 v1.2 hyperref configuration of TeXLive
)
Package hyperref Info: Hyper figures OFF on input line 4509.
Package hyperref Info: Link nesting OFF on input line 4514.
Package hyperref Info: Hyper index ON on input line 4517.
Package hyperref Info: Plain pages OFF on input line 4524.
Package hyperref Info: Backreferencing ON on input line 4527.
Package hyperref Info: Implicit mode ON; LaTeX internals redefined.
Package hyperref Info: Bookmarks ON on input line 4762.

("C:\Program Files\MiKTeX 2.9\tex\latex\hyperref\backref.sty"
Package: backref 2016/05/21 v1.39 Bibliographical back referencing

("C:\Program Files\MiKTeX 2.9\tex\latex\oberdiek\rerunfilecheck.sty"
Package: rerunfilecheck 2016/05/16 v1.8 Rerun checks for auxiliary files (HO)
Package uniquecounter Info: New unique counter `rerunfilecheck' on input line 2
82.
))
\c@Hy@tempcnt=\count128

(C:\Users\Bryant\AppData\Roaming\MiKTeX\2.9\tex\latex\url\url.sty
\Urlmuskip=\muskip10
Package: url 2013/09/16  ver 3.4  Verb mode for urls, etc.
)
LaTeX Info: Redefining \url on input line 5115.
\XeTeXLinkMargin=\dimen153
\Fld@menulength=\count129
\Field@Width=\dimen154
\Fld@charsize=\dimen155
Package hyperref Info: Hyper figures OFF on input line 6369.
Package hyperref Info: Link nesting OFF on input line 6374.
Package hyperref Info: Hyper index ON on input line 6377.
Package hyperref Info: backreferencing ON on input line 6382.
Package hyperref Info: Link coloring OFF on input line 6389.
Package hyperref Info: Link coloring with OCG OFF on input line 6394.
Package hyperref Info: PDF/A mode OFF on input line 6399.
LaTeX Info: Redefining \ref on input line 6439.
LaTeX Info: Redefining \pageref on input line 6443.
\Hy@abspage=\count130
\c@Item=\count131
\c@Hfootnote=\count132
)
Package hyperref Info: Driver: hpdftex.

("C:\Program Files\MiKTeX 2.9\tex\latex\hyperref\hpdftex.def"
File: hpdftex.def 2018/02/06 v6.86b Hyperref driver for pdfTeX
\Fld@listcount=\count133
\c@bookmark@seq@number=\count134
\Hy@SectionHShift=\skip104
)
Package hyperref Info: Option `colorlinks' set `true' on input line 105.
Package hyperref Info: Option `unicode' set `true' on input line 105.

("C:\Program Files\MiKTeX 2.9\tex\latex\hyperref\puenc.def"
File: puenc.def 2018/02/06 v6.86b Hyperref: PDF Unicode definition (HO)
Now handling font encoding PU ...
... no UTF-8 mapping file for font encoding PU
)
(C:\Users\Bryant\AppData\Roaming\MiKTeX\2.9\tex\latex\caption\caption.sty
Package: caption 2016/02/21 v3.3-144 Customizing captions (AR)

(C:\Users\Bryant\AppData\Roaming\MiKTeX\2.9\tex\latex\caption\caption3.sty
Package: caption3 2016/05/22 v1.7-166 caption3 kernel (AR)
Package caption3 Info: TeX engine: e-TeX on input line 67.
\captionmargin=\dimen156
\captionmargin@=\dimen157
\captionwidth=\dimen158
\caption@tempdima=\dimen159
\caption@indent=\dimen160
\caption@parindent=\dimen161
\caption@hangindent=\dimen162
)
\c@ContinuedFloat=\count135
Package caption Info: float package is loaded.
Package caption Info: hyperref package is loaded.
Package caption Info: longtable package is loaded.

(C:\Users\Bryant\AppData\Roaming\MiKTeX\2.9\tex\latex\caption\ltcaption.sty
Package: ltcaption 2013/06/09 v1.4-94 longtable captions (AR)
))
(refman.aux (d3/d79/group___m_i_t-_license.aux)
(d6/d2f/group___network_info.aux) (da/d78/group___simulation_settings.aux)
(d2/da4/group__tkfuncs.aux))
\openout1 = `refman.aux'.

LaTeX Font Info:    Checking defaults for OML/cmm/m/it on input line 117.
LaTeX Font Info:    ... okay on input line 117.
LaTeX Font Info:    Checking defaults for T1/cmr/m/n on input line 117.
LaTeX Font Info:    ... okay on input line 117.
LaTeX Font Info:    Checking defaults for OT1/cmr/m/n on input line 117.
LaTeX Font Info:    ... okay on input line 117.
LaTeX Font Info:    Checking defaults for OMS/cmsy/m/n on input line 117.
LaTeX Font Info:    ... okay on input line 117.
LaTeX Font Info:    Checking defaults for OMX/cmex/m/n on input line 117.
LaTeX Font Info:    ... okay on input line 117.
LaTeX Font Info:    Checking defaults for U/cmr/m/n on input line 117.
LaTeX Font Info:    ... okay on input line 117.
LaTeX Font Info:    Checking defaults for TS1/cmr/m/n on input line 117.
LaTeX Font Info:    Try loading font information for TS1+cmr on input line 117.


("C:\Program Files\MiKTeX 2.9\tex\latex\base\ts1cmr.fd"
File: ts1cmr.fd 2014/09/29 v2.5h Standard LaTeX font definitions
)
LaTeX Font Info:    ... okay on input line 117.
LaTeX Font Info:    Checking defaults for PD1/pdf/m/n on input line 117.
LaTeX Font Info:    ... okay on input line 117.
LaTeX Font Info:    Checking defaults for PU/pdf/m/n on input line 117.
LaTeX Font Info:    ... okay on input line 117.
LaTeX Font Info:    Try loading font information for T1+phv on input line 117.

("C:\Program Files\MiKTeX 2.9\tex\latex\psnfss\t1phv.fd"
File: t1phv.fd 2001/06/04 scalable font definitions for T1/phv.
)
LaTeX Font Info:    Font shape `T1/phv/m/n' will be
(Font)              scaled to size 8.99994pt on input line 117.

(C:\Users\Bryant\AppData\Roaming\MiKTeX\2.9\tex\context\base\supp-pdf.mkii
[Loading MPS to PDF converter (version 2006.09.02).]
\scratchcounter=\count136
\scratchdimen=\dimen163
\scratchbox=\box67
\nofMPsegments=\count137
\nofMParguments=\count138
\everyMPshowfont=\toks30
\MPscratchCnt=\count139
\MPscratchDim=\dimen164
\MPnumerator=\count140
\makeMPintoPDFobject=\count141
\everyMPtoPDFconversion=\toks31
) ("C:\Program Files\MiKTeX 2.9\tex\latex\oberdiek\epstopdf-base.sty"
Package: epstopdf-base 2016/05/15 v2.6 Base part for package epstopdf

("C:\Program Files\MiKTeX 2.9\tex\latex\oberdiek\grfext.sty"
Package: grfext 2016/05/16 v1.2 Manage graphics extensions (HO)
)
Package epstopdf-base Info: Redefining graphics rule for `.eps' on input line 4
38.
Package grfext Info: Graphics extension search list:
(grfext)             [.pdf,.png,.jpg,.mps,.jpeg,.jbig2,.jb2,.PDF,.PNG,.JPG,.JPE
G,.JBIG2,.JB2,.eps]
(grfext)             \AppendGraphicsExtensions on input line 456.
)
*geometry* driver: auto-detecting
*geometry* detected driver: pdftex
*geometry* verbose mode - [ preamble ] result:
* driver: pdftex
* paper: a4paper
* layout: <same size as paper>
* layoutoffset:(h,v)=(0.0pt,0.0pt)
* modes: twoside 
* h-part:(L,W,R)=(71.13188pt, 455.24411pt, 71.13188pt)
* v-part:(T,H,B)=(71.13188pt, 702.78308pt, 71.13188pt)
* \paperwidth=597.50787pt
* \paperheight=845.04684pt
* \textwidth=455.24411pt
* \textheight=702.78308pt
* \oddsidemargin=-1.1381pt
* \evensidemargin=-1.1381pt
* \topmargin=-31.2056pt
* \headheight=12.0pt
* \headsep=18.06749pt
* \topskip=10.0pt
* \footskip=25.29494pt
* \marginparwidth=125.0pt
* \marginparsep=7.0pt
* \columnsep=10.0pt
* \skip\footins=9.0pt plus 4.0pt minus 2.0pt
* \hoffset=0.0pt
* \voffset=0.0pt
* \mag=1000
* \@twocolumnfalse
* \@twosidetrue
* \@mparswitchtrue
* \@reversemarginfalse
* (1in=72.27pt=25.4mm, 1cm=28.453pt)

\AtBeginShipoutBox=\box68
Package backref Info: ** backref set up for natbib ** on input line 117.
Package hyperref Info: Link coloring ON on input line 117.
("C:\Program Files\MiKTeX 2.9\tex\latex\hyperref\nameref.sty"
Package: nameref 2016/05/21 v2.44 Cross-referencing by name of section

("C:\Program Files\MiKTeX 2.9\tex\generic\oberdiek\gettitlestring.sty"
Package: gettitlestring 2016/05/16 v1.5 Cleanup title references (HO)
)
\c@section@level=\count142
)
LaTeX Info: Redefining \ref on input line 117.
LaTeX Info: Redefining \pageref on input line 117.
LaTeX Info: Redefining \nameref on input line 117.

(refman.out) (refman.out)
\@outlinefile=\write4
\openout4 = `refman.out'.

Package caption Info: Begin \AtBeginDocument code.
Package caption Info: End \AtBeginDocument code.
Package hyperref Info: Option `pageanchor' set `false' on input line 123.
Package hyperref Info: Option `bookmarksnumbered' set `true' on input line 123.

Package hyperref Info: Option `unicode' set `true' on input line 123.
LaTeX Font Info:    Font shape `T1/phv/m/n' will be
(Font)              scaled to size 12.9599pt on input line 128.
LaTeX Font Info:    Font shape `T1/phv/m/n' will be
(Font)              scaled to size 6.29996pt on input line 128.
LaTeX Font Info:    Try loading font information for U+wasy on input line 128.

(C:\Users\Bryant\AppData\Roaming\MiKTeX\2.9\tex\latex\wasysym\uwasy.fd
File: uwasy.fd 2003/10/30 v2.0 Wasy-2 symbol font definitions
)
LaTeX Font Info:    Try loading font information for U+msa on input line 128.

("C:\Program Files\MiKTeX 2.9\tex\latex\amsfonts\umsa.fd"
File: umsa.fd 2013/01/14 v3.01 AMS symbols A
)
LaTeX Font Info:    Try loading font information for U+msb on input line 128.

("C:\Program Files\MiKTeX 2.9\tex\latex\amsfonts\umsb.fd"
File: umsb.fd 2013/01/14 v3.01 AMS symbols B
)
LaTeX Font Info:    Font shape `T1/phv/m/n' will be
(Font)              scaled to size 10.79993pt on input line 128.
 [1


{C:/Users/Bryant/AppData/Local/MiKTeX/2.9/pdftex/config/pdftex.map}] [2

]
LaTeX Font Info:    Font shape `T1/phv/m/n' will be
(Font)              scaled to size 22.39185pt on input line 135.
LaTeX Font Info:    Font shape `T1/phv/bx/n' in size <24.88> not available
(Font)              Font shape `T1/phv/b/n' tried instead on input line 135.
LaTeX Font Info:    Font shape `T1/phv/b/n' will be
(Font)              scaled to size 22.39185pt on input line 135.
LaTeX Font Info:    Font shape `T1/phv/bc/n' will be
(Font)              scaled to size 22.39185pt on input line 135.
 (refman.toc
LaTeX Font Info:    Font shape `T1/phv/bx/n' in size <10> not available
(Font)              Font shape `T1/phv/b/n' tried instead on input line 1.
LaTeX Font Info:    Font shape `T1/phv/b/n' will be
(Font)              scaled to size 8.99994pt on input line 1.
LaTeX Font Info:    Font shape `T1/phv/bx/n' in size <7> not available
(Font)              Font shape `T1/phv/b/n' tried instead on input line 5.
LaTeX Font Info:    Font shape `T1/phv/b/n' will be
(Font)              scaled to size 6.29996pt on input line 5.
 [1

] [2]
[3] [4])
\tf@toc=\write5
\openout5 = `refman.toc'.

 [5] [6

]
Package hyperref Info: Option `pageanchor' set `true' on input line 138.

Chapter 1.
LaTeX Font Info:    Font shape `T1/phv/m/n' will be
(Font)              scaled to size 18.66588pt on input line 141.
LaTeX Font Info:    Font shape `T1/phv/bx/n' in size <20.74> not available
(Font)              Font shape `T1/phv/b/n' tried instead on input line 141.
LaTeX Font Info:    Font shape `T1/phv/b/n' will be
(Font)              scaled to size 18.66588pt on input line 141.
LaTeX Font Info:    Font shape `T1/phv/bc/n' will be
(Font)              scaled to size 18.66588pt on input line 141.
(index.tex
LaTeX Font Info:    Try loading font information for TS1+phv on input line 3.
 ("C:\Program Files\MiKTeX 2.9\tex\latex\psnfss\ts1phv.fd"
File: ts1phv.fd 2001/06/04 scalable font definitions for TS1/phv.
)
LaTeX Font Info:    Font shape `TS1/phv/m/n' will be
(Font)              scaled to size 8.99994pt on input line 3.
LaTeX Font Info:    Try loading font information for T1+pcr on input line 3.

("C:\Program Files\MiKTeX 2.9\tex\latex\psnfss\t1pcr.fd"
File: t1pcr.fd 2001/06/04 font definitions for T1/pcr.
)) [1

] [2

]
Chapter 2.
(d0/dfb/toolkit-overview.tex
LaTeX Font Info:    Font shape `T1/phv/bx/n' in size <14.4> not available
(Font)              Font shape `T1/phv/b/n' tried instead on input line 18.
LaTeX Font Info:    Font shape `T1/phv/b/n' will be
(Font)              scaled to size 12.9599pt on input line 18.
LaTeX Font Info:    Font shape `T1/phv/bc/n' will be
(Font)              scaled to size 12.9599pt on input line 18.
 [3]) [4]
Chapter 3.

(d2/d9a/md__c_1__p_r_o_j_e_c_t_c_o_d_e__stormwater-_management-_model__8github_
_c_o_d_e__o_f__c_o_n_d_u_c_t.tex
LaTeX Font Info:    Font shape `T1/phv/bx/n' in size <12> not available
(Font)              Font shape `T1/phv/b/n' tried instead on input line 1.
LaTeX Font Info:    Font shape `T1/phv/b/n' will be
(Font)              scaled to size 10.79993pt on input line 1.
LaTeX Font Info:    Font shape `T1/phv/bc/n' will be
(Font)              scaled to size 10.79993pt on input line 1.
 [5

]) [6]
Chapter 4.
LaTeX Font Info:    Font shape `T1/phv/bc/n' will be
(Font)              scaled to size 6.29996pt on input line 151.

(dd/db0/md__c_1__p_r_o_j_e_c_t_c_o_d_e__stormwater-_management-_model__8github_
_c_o_n_t_r_i_b_u_t_i_n_g.tex
LaTeX Font Info:    Font shape `T1/phv/bc/n' will be
(Font)              scaled to size 8.99994pt on input line 5.
 [7

] [8] [9])
Underfull \hbox (badness 1365) in paragraph at lines 171--155
\T1/phv/m/n/10 Visual Stu-dio - [][]\T1/pcr/m/n/10 https[]://msdn.[]microsoft.[
]com/en-us/library/dd831853(v=vs.[]100).[]aspx[][]
 []


Underfull \hbox (badness 1515) in paragraph at lines 171--155
\T1/phv/m/n/10 C[]Make - [][]\T1/pcr/m/n/10 https[]://cmake.[]org/documentation
/[][] \T1/phv/m/n/10 Boost - [][]\T1/pcr/m/n/10 http[]://www.[]boost.[]org/doc/
[][] \T1/phv/m/n/10 git -
 []

[10]
Chapter 5.

(d2/de1/md__c_1__p_r_o_j_e_c_t_c_o_d_e__stormwater-_management-_model__8github_
_r_e_g_r_e_s_s_i_o_n__t_e_s_t_i_n_g.tex [11

] [12]) [13] [14

]
Chapter 6.

(d0/ddf/md__c_1__p_r_o_j_e_c_t_c_o_d_e__stormwater-_management-_model__r_e_a_d_
m_e.tex)
Overfull \hbox (47.23343pt too wide) in paragraph at lines 29--163
\T1/phv/m/n/10 The S[]W[]MM Project fol-lows the https[]://github.com/[]Open[]W
ater[]Analytics/[]Stormwater-[]Management-[]Model/blob/develop/.[][]github/[]
 []

[15] [16

]
Chapter 7.
(modules.tex) [17] [18

]
Chapter 8.
(annotated.tex) [19] [20

]
Chapter 9.
(files.tex

LaTeX Warning: Reference `climate_8c' on page 21 undefined on input line 5.


LaTeX Warning: Reference `consts_8h' on page 21 undefined on input line 6.


LaTeX Warning: Reference `controls_8c' on page 21 undefined on input line 7.


LaTeX Warning: Reference `culvert_8c' on page 21 undefined on input line 8.


LaTeX Warning: Reference `datetime_8c' on page 21 undefined on input line 9.


LaTeX Warning: Reference `datetime_8h' on page 21 undefined on input line 10.


LaTeX Warning: Reference `dwflow_8c' on page 21 undefined on input line 11.


LaTeX Warning: Reference `dynwave_8c' on page 21 undefined on input line 12.


LaTeX Warning: Reference `enums_8h' on page 21 undefined on input line 13.


LaTeX Warning: Reference `error_8c' on page 21 undefined on input line 14.


LaTeX Warning: Reference `error_8h' on page 21 undefined on input line 15.


LaTeX Warning: Reference `exfil_8c' on page 21 undefined on input line 16.


LaTeX Warning: Reference `exfil_8h' on page 21 undefined on input line 17.


LaTeX Warning: Reference `findroot_8c' on page 21 undefined on input line 18.


LaTeX Warning: Reference `findroot_8h' on page 21 undefined on input line 19.


LaTeX Warning: Reference `flowrout_8c' on page 21 undefined on input line 20.


LaTeX Warning: Reference `forcmain_8c' on page 21 undefined on input line 21.


LaTeX Warning: Reference `funcs_8h' on page 21 undefined on input line 22.


LaTeX Warning: Reference `gage_8c' on page 21 undefined on input line 23.


LaTeX Warning: Reference `globals_8h' on page 21 undefined on input line 24.


LaTeX Warning: Reference `gwater_8c' on page 21 undefined on input line 25.


LaTeX Warning: Reference `hash_8c' on page 21 undefined on input line 26.


LaTeX Warning: Reference `hash_8h' on page 21 undefined on input line 27.


LaTeX Warning: Reference `headers_8h' on page 21 undefined on input line 28.


LaTeX Warning: Reference `hotstart_8c' on page 21 undefined on input line 29.


LaTeX Warning: Reference `iface_8c' on page 21 undefined on input line 30.


LaTeX Warning: Reference `infil_8c' on page 21 undefined on input line 31.


LaTeX Warning: Reference `infil_8h' on page 21 undefined on input line 32.


LaTeX Warning: Reference `inflow_8c' on page 21 undefined on input line 33.


LaTeX Warning: Reference `input_8c' on page 21 undefined on input line 34.


LaTeX Warning: Reference `inputrpt_8c' on page 21 undefined on input line 35.


LaTeX Warning: Reference `keywords_8c' on page 21 undefined on input line 36.


LaTeX Warning: Reference `keywords_8h' on page 21 undefined on input line 37.


LaTeX Warning: Reference `kinwave_8c' on page 21 undefined on input line 38.


LaTeX Warning: Reference `landuse_8c' on page 21 undefined on input line 39.

[21]

LaTeX Warning: Reference `lid_8c' on page 22 undefined on input line 40.


LaTeX Warning: Reference `lid_8h' on page 22 undefined on input line 41.


LaTeX Warning: Reference `lidproc_8c' on page 22 undefined on input line 42.


LaTeX Warning: Reference `link_8c' on page 22 undefined on input line 43.


LaTeX Warning: Reference `macros_8h' on page 22 undefined on input line 44.


LaTeX Warning: Reference `massbal_8c' on page 22 undefined on input line 45.


LaTeX Warning: Reference `mathexpr_8c' on page 22 undefined on input line 46.


LaTeX Warning: Reference `mathexpr_8h' on page 22 undefined on input line 47.


LaTeX Warning: Reference `mempool_8c' on page 22 undefined on input line 48.


LaTeX Warning: Reference `mempool_8h' on page 22 undefined on input line 49.


LaTeX Warning: Reference `node_8c' on page 22 undefined on input line 50.


LaTeX Warning: Reference `objects_8h' on page 22 undefined on input line 51.


LaTeX Warning: Reference `odesolve_8c' on page 22 undefined on input line 52.


LaTeX Warning: Reference `odesolve_8h' on page 22 undefined on input line 53.


LaTeX Warning: Reference `output_8c' on page 22 undefined on input line 54.


LaTeX Warning: Reference `project_8c' on page 22 undefined on input line 55.


LaTeX Warning: Reference `qualrout_8c' on page 22 undefined on input line 56.


LaTeX Warning: Reference `rain_8c' on page 22 undefined on input line 57.


LaTeX Warning: Reference `rdii_8c' on page 22 undefined on input line 58.


LaTeX Warning: Reference `report_8c' on page 22 undefined on input line 59.


LaTeX Warning: Reference `roadway_8c' on page 22 undefined on input line 60.


LaTeX Warning: Reference `routing_8c' on page 22 undefined on input line 61.


LaTeX Warning: Reference `runoff_8c' on page 22 undefined on input line 62.


LaTeX Warning: Reference `shape_8c' on page 22 undefined on input line 63.


LaTeX Warning: Reference `snow_8c' on page 22 undefined on input line 64.


LaTeX Warning: Reference `stats_8c' on page 22 undefined on input line 65.


LaTeX Warning: Reference `statsrpt_8c' on page 22 undefined on input line 66.


LaTeX Warning: Reference `subcatch_8c' on page 22 undefined on input line 67.


LaTeX Warning: Reference `surfqual_8c' on page 22 undefined on input line 68.


LaTeX Warning: Reference `swmm5_8c' on page 22 undefined on input line 69.


LaTeX Warning: Reference `table_8c' on page 22 undefined on input line 70.


LaTeX Warning: Reference `text_8h' on page 22 undefined on input line 71.


LaTeX Warning: Reference `toposort_8c' on page 22 undefined on input line 73.


LaTeX Warning: Reference `transect_8c' on page 22 undefined on input line 74.


LaTeX Warning: Reference `treatmnt_8c' on page 22 undefined on input line 75.


LaTeX Warning: Reference `xsect_8c' on page 22 undefined on input line 76.

) [22]
Chapter 10.
(db/ded/group___a_u_t_h_o_r_s.tex) [23

]
\openout2 = `d3/d79/group___m_i_t-_license.aux'.

 (d3/d79/group___m_i_t-_license.tex
LaTeX Font Info:    Font shape `T1/phv/m/n' will be
(Font)              scaled to size 7.19995pt on input line 5.
)
[24

]
\openout2 = `d6/d2f/group___network_info.aux'.

 (d6/d2f/group___network_info.tex
LaTeX Font Info:    Font shape `T1/phv/m/n' will be
(Font)              scaled to size 8.09995pt on input line 7.
LaTeX Font Info:    Font shape `T1/phv/m/it' in size <9> not available
(Font)              Font shape `T1/phv/m/sl' tried instead on input line 7.
LaTeX Font Info:    Font shape `T1/phv/m/sl' will be
(Font)              scaled to size 8.09995pt on input line 7.
LaTeX Font Info:    Font shape `T1/phv/m/it' in size <7> not available
(Font)              Font shape `T1/phv/m/sl' tried instead on input line 15.
LaTeX Font Info:    Font shape `T1/phv/m/sl' will be
(Font)              scaled to size 6.29996pt on input line 15.
LaTeX Font Info:    Font shape `T1/pcr/m/it' in size <8> not available
(Font)              Font shape `T1/pcr/m/sl' tried instead on input line 42.

Overfull \vbox (22.15457pt too high) has occurred while \output is active []


[25


]
Underfull \hbox (badness 10000) detected at line 55
[][][]
 []


Underfull \hbox (badness 10000) detected at line 81
[][][]
 []

[26]
Underfull \hbox (badness 10000) detected at line 105
[][][]
 []


Underfull \hbox (badness 10000) detected at line 131
[][][]
 []

[27]
Underfull \hbox (badness 10000) detected at line 155
[][][]
 []


Underfull \hbox (badness 10000) detected at line 181
[][][]
 []

[28]
Underfull \hbox (badness 10000) detected at line 205
[][][]
 []


Underfull \hbox (badness 10000) detected at line 231
[][][]
 []


Underfull \vbox (badness 10000) has occurred while \output is active []

 [29]
Underfull \hbox (badness 10000) detected at line 257
[][][]
 []


Underfull \hbox (badness 10000) detected at line 283
[][][]
 []


Overfull \vbox (8.76114pt too high) has occurred while \output is active []


[30]
Underfull \hbox (badness 10000) detected at line 309
[][][]
 []


Underfull \hbox (badness 10000) detected at line 335
[][][]
 []


Underfull \vbox (badness 10000) has occurred while \output is active []

 [31]
Underfull \hbox (badness 10000) detected at line 361
[][][]
 []

) [32]
\openout2 = `da/d78/group___simulation_settings.aux'.

 (da/d78/group___simulation_settings.tex [33


]
Underfull \hbox (badness 10000) detected at line 62
[][][]
 []


Underfull \hbox (badness 10000) detected at line 96
[][][]
 []

[34]
Underfull \hbox (badness 10000) detected at line 120
[][][]
 []


Underfull \hbox (badness 10000) detected at line 144
[][][]
 []

[35]
Underfull \hbox (badness 10000) detected at line 168
[][][]
 []

) [36]
\openout2 = `d2/da4/group__tkfuncs.aux'.

 (d2/da4/group__tkfuncs.tex
LaTeX Font Info:    Font shape `T1/pcr/m/it' in size <7> not available
(Font)              Font shape `T1/pcr/m/sl' tried instead on input line 50.
 [37


]
Underfull \hbox (badness 10000) detected at line 61
[][][]
 []


Underfull \hbox (badness 10000) detected at line 83
[][][]
 []


Overfull \vbox (7.03508pt too high) has occurred while \output is active []


[38]
Underfull \hbox (badness 10000) detected at line 109
[][][]
 []


Underfull \hbox (badness 10000) detected at line 133
[][][]
 []

[39]
Underfull \hbox (badness 10000) detected at line 159
[][][]
 []


Underfull \hbox (badness 10000) detected at line 183
[][][]
 []


Underfull \hbox (badness 10000) detected at line 207
[][][]
 []

[40]
Underfull \hbox (badness 10000) detected at line 231
[][][]
 []


Underfull \hbox (badness 10000) detected at line 255
[][][]
 []

[41]
Underfull \hbox (badness 10000) detected at line 279
[][][]
 []


Underfull \hbox (badness 10000) detected at line 305
[][][]
 []

[42]
Underfull \hbox (badness 10000) detected at line 329
[][][]
 []


Underfull \hbox (badness 10000) detected at line 351
[][][]
 []

[43]
Underfull \hbox (badness 10000) detected at line 373
[][][]
 []


Underfull \hbox (badness 10000) detected at line 397
[][][]
 []

[44]
Underfull \hbox (badness 10000) detected at line 421
[][][]
 []


Underfull \hbox (badness 10000) detected at line 445
[][][]
 []

) [45] [46


]
Chapter 11.
(d2/d2a/struct_s_m___link_stats.tex
<d6/de1/struct_s_m___link_stats__coll__graph.pdf, id=1289, 194.7275pt x 293.095
pt>
File: d6/de1/struct_s_m___link_stats__coll__graph.pdf Graphic file (type pdf)
<use d6/de1/struct_s_m___link_stats__coll__graph.pdf>
Package pdftex.def Info: d6/de1/struct_s_m___link_stats__coll__graph.pdf  used 
on input line 19.
(pdftex.def)             Requested size: 194.0pt x 292.01198pt.
) (df/df5/struct_s_m___node_stats.tex
[47 <./d6/de1/struct_s_m___link_stats__coll__graph.pdf>]
<d8/d63/struct_s_m___node_stats__coll__graph.pdf, id=1306, 188.705pt x 293.095p
t>
File: d8/d63/struct_s_m___node_stats__coll__graph.pdf Graphic file (type pdf)
<use d8/d63/struct_s_m___node_stats__coll__graph.pdf>
Package pdftex.def Info: d8/d63/struct_s_m___node_stats__coll__graph.pdf  used 
on input line 19.
(pdftex.def)             Requested size: 188.0pt x 291.99855pt.
)
(d9/d94/struct_s_m___outfall_stats.tex
<d8/d56/struct_s_m___outfall_stats__coll__graph.pdf, id=1308, 168.63pt x 171.64
125pt>
File: d8/d56/struct_s_m___outfall_stats__coll__graph.pdf Graphic file (type pdf
)
<use d8/d56/struct_s_m___outfall_stats__coll__graph.pdf>
Package pdftex.def Info: d8/d56/struct_s_m___outfall_stats__coll__graph.pdf  us
ed on input line 19.
(pdftex.def)             Requested size: 168.0pt x 171.00438pt.
 [48 <./d8/d63/struct_s_m___node_stats__coll__graph.pdf>]) (d5/dc1/struct_s_m__
_pump_stats.tex
<dc/db2/struct_s_m___pump_stats__coll__graph.pdf, id=1324, 166.6225pt x 237.888
75pt>
File: dc/db2/struct_s_m___pump_stats__coll__graph.pdf Graphic file (type pdf)
<use dc/db2/struct_s_m___pump_stats__coll__graph.pdf>
Package pdftex.def Info: dc/db2/struct_s_m___pump_stats__coll__graph.pdf  used 
on input line 19.
(pdftex.def)             Requested size: 166.0pt x 237.01697pt.
 [49 <./d8/d56/struct_s_m___outfall_stats__coll__graph.pdf> <./dc/db2/struct_s_
m___pump_stats__coll__graph.pdf

pdfTeX warning: pdflatex (file ./dc/db2/struct_s_m___pump_stats__coll__graph.pd
f): PDF inclusion: multiple pdfs with page group included in a single page
>]) (d3/d17/struct_s_m___routing_totals.tex
<d4/d11/struct_s_m___routing_totals__coll__graph.pdf, id=1349, 176.66pt x 271.0
125pt>
File: d4/d11/struct_s_m___routing_totals__coll__graph.pdf Graphic file (type pd
f)
<use d4/d11/struct_s_m___routing_totals__coll__graph.pdf>
Package pdftex.def Info: d4/d11/struct_s_m___routing_totals__coll__graph.pdf  u
sed on input line 19.
(pdftex.def)             Requested size: 176.0pt x 270.0028pt.
)
(d4/d56/struct_s_m___runoff_totals.tex
<d2/da6/struct_s_m___runoff_totals__coll__graph.pdf, id=1351, 171.64125pt x 259
.97125pt>
File: d2/da6/struct_s_m___runoff_totals__coll__graph.pdf Graphic file (type pdf
)
<use d2/da6/struct_s_m___runoff_totals__coll__graph.pdf>
Package pdftex.def Info: d2/da6/struct_s_m___runoff_totals__coll__graph.pdf  us
ed on input line 19.
(pdftex.def)             Requested size: 171.0pt x 258.99873pt.
 [50 <./d4/d11/struct_s_m___routing_totals__coll__graph.pdf>]) (d3/d68/struct_s
_m___storage_stats.tex
<df/d6d/struct_s_m___storage_stats__coll__graph.pdf, id=1367, 174.6525pt x 204.
765pt>
File: df/d6d/struct_s_m___storage_stats__coll__graph.pdf Graphic file (type pdf
)
<use df/d6d/struct_s_m___storage_stats__coll__graph.pdf>
Package pdftex.def Info: df/d6d/struct_s_m___storage_stats__coll__graph.pdf  us
ed on input line 19.
(pdftex.def)             Requested size: 174.0pt x 204.01147pt.
 [51 <./d2/da6/struct_s_m___runoff_totals__coll__graph.pdf>])
(d8/d26/struct_s_m___subcatch_stats.tex
<da/d11/struct_s_m___subcatch_stats__coll__graph.pdf, id=1383, 181.67876pt x 19
3.72375pt>
File: da/d11/struct_s_m___subcatch_stats__coll__graph.pdf Graphic file (type pd
f)
<use da/d11/struct_s_m___subcatch_stats__coll__graph.pdf>
Package pdftex.def Info: da/d11/struct_s_m___subcatch_stats__coll__graph.pdf  u
sed on input line 19.
(pdftex.def)             Requested size: 181.0pt x 193.00496pt.
 [52 <./df/d6d/struct_s_m___storage_stats__coll__graph.pdf> <./da/d11/struct_s_
m___subcatch_stats__coll__graph.pdf

pdfTeX warning: pdflatex (file ./da/d11/struct_s_m___subcatch_stats__coll__grap
h.pdf): PDF inclusion: multiple pdfs with page group included in a single page
>]) [53] [54

]
Chapter 12.
(d1/dd1/swmm5_8h.tex
Underfull \hbox (badness 10000) in paragraph at lines 1--1
[]\T1/phv/bc/n/14.4 C[]:/[]P[]R[]O[]J[]E[]C[]T[]C[]O[]D[]E/[]Stormwater-[]Manag
ement-[]Model/include/swmm5.h File Ref-er-
 []


Underfull \hbox (badness 10000) detected at line 38
[][][]
 []

[55]
Underfull \hbox (badness 10000) detected at line 41
[][][]
 []


Underfull \hbox (badness 10000) detected at line 46
[][][]
 []


Underfull \hbox (badness 10000) detected at line 49
[][][]
 []


Underfull \hbox (badness 10000) detected at line 65
[][][]
 []


Underfull \hbox (badness 10000) detected at line 82
[][][]
 []

[56] [57]
Underfull \hbox (badness 10000) detected at line 108
[][][]
 []


Underfull \hbox (badness 10000) detected at line 144
[][][]
 []

[58]
Underfull \hbox (badness 10000) detected at line 193
[][][]
 []


Underfull \hbox (badness 10000) detected at line 210
[][][]
 []

[59]
Underfull \hbox (badness 10000) detected at line 236
[][][]
 []


Underfull \hbox (badness 10000) detected at line 258
[][][]
 []


Underfull \hbox (badness 10000) detected at line 280
[][][]
 []

) (dc/dce/toolkit_a_p_i_8h.tex [60]
Underfull \hbox (badness 10000) in paragraph at lines 8--9

 []

[61] [62] [63]
Underfull \hbox (badness 10000) detected at line 271
[][][]
 []


Underfull \hbox (badness 10000) detected at line 274
[][][]
 []


Underfull \hbox (badness 10000) detected at line 277
[][][]
 []

[64] [65] [66] [67] [68] [69] [70]
Underfull \hbox (badness 10000) detected at line 946
[][][]
 []

[71] [72]
Underfull \hbox (badness 10000) detected at line 972
[][][]
 []


Underfull \hbox (badness 10000) detected at line 998
[][][]
 []

[73]
Underfull \hbox (badness 10000) detected at line 1022
[][][]
 []

) (dd/d40/toolkit_a_p_i_8c.tex
Underfull \hbox (badness 10000) in paragraph at lines 8--14

 []

[74] [75]
Underfull \hbox (badness 10000) detected at line 106
[][][]
 []


Underfull \hbox (badness 10000) detected at line 109
[][][]
 []


Underfull \hbox (badness 10000) detected at line 112
[][][]
 []

[76] [77]) [78] (refman.ind
Underfull \hbox (badness 10000) in paragraph at lines 7--9
[]\T1/phv/m/n/10 C[]:/[]P[]R[]O[]J[]E[]C[]T[]C[]O[]D[]E/[]Stormwater-[]Manageme
nt-[]
 []


Underfull \hbox (badness 10000) in paragraph at lines 9--11
[]\T1/phv/m/n/10 C[]:/[]P[]R[]O[]J[]E[]C[]T[]C[]O[]D[]E/[]Stormwater-[]Manageme
nt-[]
 []


Underfull \hbox (badness 10000) in paragraph at lines 11--13
[]\T1/phv/m/n/10 C[]:/[]P[]R[]O[]J[]E[]C[]T[]C[]O[]D[]E/[]Stormwater-[]Manageme
nt-[]
 []

[79



] [80] [81

])
Package atveryend Info: Empty hook `BeforeClearDocument' on input line 198.
Package atveryend Info: Empty hook `AfterLastShipout' on input line 198.
 (refman.aux (d3/d79/group___m_i_t-_license.aux)
(d6/d2f/group___network_info.aux) (da/d78/group___simulation_settings.aux)
(d2/da4/group__tkfuncs.aux))
Package atveryend Info: Executing hook `AtVeryEndDocument' on input line 198.
Package atveryend Info: Executing hook `AtEndAfterFileList' on input line 198.
Package rerunfilecheck Info: File `refman.out' has not changed.
(rerunfilecheck)             Checksum: C491AC4C3C25B520EE9990C03F57FCC6;28225.


LaTeX Warning: There were undefined references.

Package atveryend Info: Empty hook `AtVeryVeryEnd' on input line 198.
 ) 
Here is how much of TeX's memory you used:
 15666 strings out of 492976
 249600 string characters out of 3135989
 407983 words of memory out of 3000000
 18631 multiletter control sequences out of 15000+200000
 66021 words of font info for 85 fonts, out of 3000000 for 9000
 1141 hyphenation exceptions out of 8191
 53i,16n,92p,2119b,630s stack positions out of 5000i,500n,10000p,200000b,50000s
pdfTeX warning (dest): name{_c_o_d_e___o_f___c_o_n_d_u_c_t_8md_source} has be
en referenced but does not exist, replaced by a fixed one

pdfTeX warning (dest): name{_r_e_g_r_e_s_s_i_o_n___t_e_s_t_i_n_g_8md_source} ha
s been referenced but does not exist, replaced by a fixed one

pdfTeX warning (dest): name{_c_o_n_t_r_i_b_u_t_i_n_g_8md_source} has been refer
enced but does not exist, replaced by a fixed one

{C:/Program Files/MiKTeX 2.9/fonts/enc/dvips/base/8r.enc}<C:/Program Files/MiKT
eX 2.9/fonts/type1/public/amsfonts/cm/cmmi10.pfb><C:/Program Files/MiKTeX 2.9/f
onts/type1/public/amsfonts/cm/cmmi7.pfb><C:/Program Files/MiKTeX 2.9/fonts/type
1/public/amsfonts/cm/cmsy10.pfb><C:/Program Files/MiKTeX 2.9/fonts/type1/public
/amsfonts/cm/cmsy7.pfb><C:/Program Files/MiKTeX 2.9/fonts/type1/public/amsfonts
/cm/cmsy8.pfb><C:/Program Files/MiKTeX 2.9/fonts/type1/urw/courier/ucrr8a.pfb><
C:/Program Files/MiKTeX 2.9/fonts/type1/urw/courier/ucrro8a.pfb><C:/Program Fil
es/MiKTeX 2.9/fonts/type1/urw/helvetic/uhvb8a.pfb><C:/Program Files/MiKTeX 2.9/
fonts/type1/urw/helvetic/uhvb8ac.pfb><C:/Program Files/MiKTeX 2.9/fonts/type1/u
rw/helvetic/uhvr8a.pfb><C:/Program Files/MiKTeX 2.9/fonts/type1/urw/helvetic/uh
vro8a.pfb>
Output written on refman.pdf (89 pages, 701212 bytes).
PDF statistics:
 2251 PDF objects out of 2487 (max. 8388607)
 536 named destinations out of 1000 (max. 500000)
 1057 words of extra memory for PDF output out of 10000 (max. 10000000)

