\BOOKMARK [0][-]{chapter.1}{\376\377\0001\000\040\000O\000p\000e\000n\000\040\000W\000a\000t\000e\000r\000\040\000A\000n\000a\000l\000y\000t\000i\000c\000s\000\040\000S\000t\000o\000r\000m\000w\000a\000t\000e\000r\000\040\000M\000a\000n\000a\000g\000e\000m\000e\000n\000t\000\040\000M\000o\000d\000e\000l}{}% 1
\BOOKMARK [0][-]{chapter.2}{\376\377\0002\000\040\000T\000o\000o\000l\000k\000i\000t\000\040\000O\000v\000e\000r\000v\000i\000e\000w}{}% 2
\BOOKMARK [1][-]{section.2.1}{\376\377\0002\000.\0001\000\040\000H\000o\000w\000\040\000t\000o\000\040\000U\000s\000e\000\040\000t\000h\000e\000\040\000T\000o\000o\000l\000k\000i\000t}{chapter.2}% 3
\BOOKMARK [0][-]{chapter.3}{\376\377\0003\000\040\000C\000o\000n\000t\000r\000i\000b\000u\000t\000o\000r\000\040\000C\000o\000v\000e\000n\000a\000n\000t\000\040\000C\000o\000d\000e\000\040\000o\000f\000\040\000C\000o\000n\000d\000u\000c\000t}{}% 4
\BOOKMARK [0][-]{chapter.4}{\376\377\0004\000\040\000B\000u\000i\000l\000d\000i\000n\000g\000\040\000O\000W\000A\000\040\000S\000W\000M\000M\000\040\000F\000r\000o\000m\000\040\000S\000o\000u\000r\000c\000e\000\040\000o\000n\000\040\000W\000i\000n\000d\000o\000w\000s}{}% 5
\BOOKMARK [0][-]{chapter.5}{\376\377\0005\000\040\000S\000W\000M\000M\000\040\000R\000e\000g\000r\000e\000s\000s\000i\000o\000n\000\040\000T\000e\000s\000t\000i\000n\000g}{}% 6
\BOOKMARK [0][-]{chapter.6}{\376\377\0006\000\040\000S\000t\000o\000r\000m\000w\000a\000t\000e\000r\000-\000M\000a\000n\000a\000g\000e\000m\000e\000n\000t\000-\000M\000o\000d\000e\000l}{}% 7
\BOOKMARK [0][-]{chapter.7}{\376\377\0007\000\040\000M\000o\000d\000u\000l\000e\000\040\000I\000n\000d\000e\000x}{}% 8
\BOOKMARK [1][-]{section.7.1}{\376\377\0007\000.\0001\000\040\000M\000o\000d\000u\000l\000e\000s}{chapter.7}% 9
\BOOKMARK [0][-]{chapter.8}{\376\377\0008\000\040\000D\000a\000t\000a\000\040\000S\000t\000r\000u\000c\000t\000u\000r\000e\000\040\000I\000n\000d\000e\000x}{}% 10
\BOOKMARK [1][-]{section.8.1}{\376\377\0008\000.\0001\000\040\000D\000a\000t\000a\000\040\000S\000t\000r\000u\000c\000t\000u\000r\000e\000s}{chapter.8}% 11
\BOOKMARK [0][-]{chapter.9}{\376\377\0009\000\040\000F\000i\000l\000e\000\040\000I\000n\000d\000e\000x}{}% 12
\BOOKMARK [1][-]{section.9.1}{\376\377\0009\000.\0001\000\040\000F\000i\000l\000e\000\040\000L\000i\000s\000t}{chapter.9}% 13
\BOOKMARK [0][-]{chapter.10}{\376\377\0001\0000\000\040\000M\000o\000d\000u\000l\000e\000\040\000D\000o\000c\000u\000m\000e\000n\000t\000a\000t\000i\000o\000n}{}% 14
\BOOKMARK [1][-]{section.10.1}{\376\377\0001\0000\000.\0001\000\040\000A\000u\000t\000h\000o\000r\000s\000\040\000a\000t\000\040\000O\000p\000e\000n\000\040\000W\000a\000t\000e\000r\000\040\000A\000n\000a\000l\000y\000t\000i\000c\000s}{chapter.10}% 15
\BOOKMARK [1][-]{section.10.2}{\376\377\0001\0000\000.\0002\000\040\000M\000I\000T\000-\000L\000i\000c\000e\000n\000s\000e}{chapter.10}% 16
\BOOKMARK [1][-]{section.10.3}{\376\377\0001\0000\000.\0003\000\040\000N\000e\000t\000w\000o\000r\000k\000\040\000I\000n\000f\000o}{chapter.10}% 17
\BOOKMARK [2][-]{subsection.10.3.1}{\376\377\0001\0000\000.\0003\000.\0001\000\040\000D\000e\000t\000a\000i\000l\000e\000d\000\040\000D\000e\000s\000c\000r\000i\000p\000t\000i\000o\000n}{section.10.3}% 18
\BOOKMARK [2][-]{subsection.10.3.2}{\376\377\0001\0000\000.\0003\000.\0002\000\040\000F\000u\000n\000c\000t\000i\000o\000n\000\040\000D\000o\000c\000u\000m\000e\000n\000t\000a\000t\000i\000o\000n}{section.10.3}% 19
\BOOKMARK [3][-]{subsubsection.10.3.2.1}{\376\377\0001\0000\000.\0003\000.\0002\000.\0001\000\040\000s\000w\000m\000m\000\137\000c\000o\000u\000n\000t\000O\000b\000j\000e\000c\000t\000s\000\050\000\051}{subsection.10.3.2}% 20
\BOOKMARK [3][-]{subsubsection.10.3.2.2}{\376\377\0001\0000\000.\0003\000.\0002\000.\0002\000\040\000s\000w\000m\000m\000\137\000g\000e\000t\000L\000i\000n\000k\000C\000o\000n\000n\000e\000c\000t\000i\000o\000n\000s\000\050\000\051}{subsection.10.3.2}% 21
\BOOKMARK [3][-]{subsubsection.10.3.2.3}{\376\377\0001\0000\000.\0003\000.\0002\000.\0003\000\040\000s\000w\000m\000m\000\137\000g\000e\000t\000L\000i\000n\000k\000D\000i\000r\000e\000c\000t\000i\000o\000n\000\050\000\051}{subsection.10.3.2}% 22
\BOOKMARK [3][-]{subsubsection.10.3.2.4}{\376\377\0001\0000\000.\0003\000.\0002\000.\0004\000\040\000s\000w\000m\000m\000\137\000g\000e\000t\000L\000i\000n\000k\000P\000a\000r\000a\000m\000\050\000\051}{subsection.10.3.2}% 23
\BOOKMARK [3][-]{subsubsection.10.3.2.5}{\376\377\0001\0000\000.\0003\000.\0002\000.\0005\000\040\000s\000w\000m\000m\000\137\000g\000e\000t\000L\000i\000n\000k\000T\000y\000p\000e\000\050\000\051}{subsection.10.3.2}% 24
\BOOKMARK [3][-]{subsubsection.10.3.2.6}{\376\377\0001\0000\000.\0003\000.\0002\000.\0006\000\040\000s\000w\000m\000m\000\137\000g\000e\000t\000N\000o\000d\000e\000P\000a\000r\000a\000m\000\050\000\051}{subsection.10.3.2}% 25
\BOOKMARK [3][-]{subsubsection.10.3.2.7}{\376\377\0001\0000\000.\0003\000.\0002\000.\0007\000\040\000s\000w\000m\000m\000\137\000g\000e\000t\000N\000o\000d\000e\000T\000y\000p\000e\000\050\000\051}{subsection.10.3.2}% 26
\BOOKMARK [3][-]{subsubsection.10.3.2.8}{\376\377\0001\0000\000.\0003\000.\0002\000.\0008\000\040\000s\000w\000m\000m\000\137\000g\000e\000t\000O\000b\000j\000e\000c\000t\000I\000d\000\050\000\051}{subsection.10.3.2}% 27
\BOOKMARK [3][-]{subsubsection.10.3.2.9}{\376\377\0001\0000\000.\0003\000.\0002\000.\0009\000\040\000s\000w\000m\000m\000\137\000g\000e\000t\000S\000u\000b\000c\000a\000t\000c\000h\000O\000u\000t\000C\000o\000n\000n\000e\000c\000t\000i\000o\000n\000\050\000\051}{subsection.10.3.2}% 28
\BOOKMARK [3][-]{subsubsection.10.3.2.10}{\376\377\0001\0000\000.\0003\000.\0002\000.\0001\0000\000\040\000s\000w\000m\000m\000\137\000g\000e\000t\000S\000u\000b\000c\000a\000t\000c\000h\000P\000a\000r\000a\000m\000\050\000\051}{subsection.10.3.2}% 29
\BOOKMARK [3][-]{subsubsection.10.3.2.11}{\376\377\0001\0000\000.\0003\000.\0002\000.\0001\0001\000\040\000s\000w\000m\000m\000\137\000s\000e\000t\000L\000i\000n\000k\000P\000a\000r\000a\000m\000\050\000\051}{subsection.10.3.2}% 30
\BOOKMARK [3][-]{subsubsection.10.3.2.12}{\376\377\0001\0000\000.\0003\000.\0002\000.\0001\0002\000\040\000s\000w\000m\000m\000\137\000s\000e\000t\000N\000o\000d\000e\000P\000a\000r\000a\000m\000\050\000\051}{subsection.10.3.2}% 31
\BOOKMARK [3][-]{subsubsection.10.3.2.13}{\376\377\0001\0000\000.\0003\000.\0002\000.\0001\0003\000\040\000s\000w\000m\000m\000\137\000s\000e\000t\000S\000u\000b\000c\000a\000t\000c\000h\000P\000a\000r\000a\000m\000\050\000\051}{subsection.10.3.2}% 32
\BOOKMARK [1][-]{section.10.4}{\376\377\0001\0000\000.\0004\000\040\000S\000i\000m\000u\000l\000a\000t\000i\000o\000n\000\040\000O\000p\000t\000i\000o\000n\000s}{chapter.10}% 33
\BOOKMARK [2][-]{subsection.10.4.1}{\376\377\0001\0000\000.\0004\000.\0001\000\040\000D\000e\000t\000a\000i\000l\000e\000d\000\040\000D\000e\000s\000c\000r\000i\000p\000t\000i\000o\000n}{section.10.4}% 34
\BOOKMARK [2][-]{subsection.10.4.2}{\376\377\0001\0000\000.\0004\000.\0002\000\040\000F\000u\000n\000c\000t\000i\000o\000n\000\040\000D\000o\000c\000u\000m\000e\000n\000t\000a\000t\000i\000o\000n}{section.10.4}% 35
\BOOKMARK [3][-]{subsubsection.10.4.2.1}{\376\377\0001\0000\000.\0004\000.\0002\000.\0001\000\040\000s\000w\000m\000m\000\137\000g\000e\000t\000A\000P\000I\000E\000r\000r\000o\000r\000\050\000\051}{subsection.10.4.2}% 36
\BOOKMARK [3][-]{subsubsection.10.4.2.2}{\376\377\0001\0000\000.\0004\000.\0002\000.\0002\000\040\000s\000w\000m\000m\000\137\000g\000e\000t\000S\000i\000m\000u\000l\000a\000t\000i\000o\000n\000A\000n\000a\000l\000y\000s\000i\000s\000S\000e\000t\000t\000i\000n\000g\000\050\000\051}{subsection.10.4.2}% 37
\BOOKMARK [3][-]{subsubsection.10.4.2.3}{\376\377\0001\0000\000.\0004\000.\0002\000.\0003\000\040\000s\000w\000m\000m\000\137\000g\000e\000t\000S\000i\000m\000u\000l\000a\000t\000i\000o\000n\000D\000a\000t\000e\000T\000i\000m\000e\000\050\000\051}{subsection.10.4.2}% 38
\BOOKMARK [3][-]{subsubsection.10.4.2.4}{\376\377\0001\0000\000.\0004\000.\0002\000.\0004\000\040\000s\000w\000m\000m\000\137\000g\000e\000t\000S\000i\000m\000u\000l\000a\000t\000i\000o\000n\000P\000a\000r\000a\000m\000\050\000\051}{subsection.10.4.2}% 39
\BOOKMARK [3][-]{subsubsection.10.4.2.5}{\376\377\0001\0000\000.\0004\000.\0002\000.\0005\000\040\000s\000w\000m\000m\000\137\000g\000e\000t\000S\000i\000m\000u\000l\000a\000t\000i\000o\000n\000U\000n\000i\000t\000\050\000\051}{subsection.10.4.2}% 40
\BOOKMARK [3][-]{subsubsection.10.4.2.6}{\376\377\0001\0000\000.\0004\000.\0002\000.\0006\000\040\000s\000w\000m\000m\000\137\000s\000e\000t\000S\000i\000m\000u\000l\000a\000t\000i\000o\000n\000D\000a\000t\000e\000T\000i\000m\000e\000\050\000\051}{subsection.10.4.2}% 41
\BOOKMARK [1][-]{section.10.5}{\376\377\0001\0000\000.\0005\000\040\000T\000o\000o\000l\000k\000i\000t\000\040\000F\000u\000n\000c\000t\000i\000o\000n\000s}{chapter.10}% 42
\BOOKMARK [2][-]{subsection.10.5.1}{\376\377\0001\0000\000.\0005\000.\0001\000\040\000D\000e\000t\000a\000i\000l\000e\000d\000\040\000D\000e\000s\000c\000r\000i\000p\000t\000i\000o\000n}{section.10.5}% 43
\BOOKMARK [2][-]{subsection.10.5.2}{\376\377\0001\0000\000.\0005\000.\0002\000\040\000F\000u\000n\000c\000t\000i\000o\000n\000\040\000D\000o\000c\000u\000m\000e\000n\000t\000a\000t\000i\000o\000n}{section.10.5}% 44
\BOOKMARK [3][-]{subsubsection.10.5.2.1}{\376\377\0001\0000\000.\0005\000.\0002\000.\0001\000\040\000s\000w\000m\000m\000\137\000f\000r\000e\000e\000O\000u\000t\000f\000a\000l\000l\000S\000t\000a\000t\000s\000\050\000\051}{subsection.10.5.2}% 45
\BOOKMARK [3][-]{subsubsection.10.5.2.2}{\376\377\0001\0000\000.\0005\000.\0002\000.\0002\000\040\000s\000w\000m\000m\000\137\000g\000e\000t\000C\000u\000r\000r\000e\000n\000t\000D\000a\000t\000e\000T\000i\000m\000e\000S\000t\000r\000\050\000\051}{subsection.10.5.2}% 46
\BOOKMARK [3][-]{subsubsection.10.5.2.3}{\376\377\0001\0000\000.\0005\000.\0002\000.\0003\000\040\000s\000w\000m\000m\000\137\000g\000e\000t\000L\000i\000n\000k\000R\000e\000s\000u\000l\000t\000\050\000\051}{subsection.10.5.2}% 47
\BOOKMARK [3][-]{subsubsection.10.5.2.4}{\376\377\0001\0000\000.\0005\000.\0002\000.\0004\000\040\000s\000w\000m\000m\000\137\000g\000e\000t\000L\000i\000n\000k\000S\000t\000a\000t\000s\000\050\000\051}{subsection.10.5.2}% 48
\BOOKMARK [3][-]{subsubsection.10.5.2.5}{\376\377\0001\0000\000.\0005\000.\0002\000.\0005\000\040\000s\000w\000m\000m\000\137\000g\000e\000t\000N\000o\000d\000e\000R\000e\000s\000u\000l\000t\000\050\000\051}{subsection.10.5.2}% 49
\BOOKMARK [3][-]{subsubsection.10.5.2.6}{\376\377\0001\0000\000.\0005\000.\0002\000.\0006\000\040\000s\000w\000m\000m\000\137\000g\000e\000t\000N\000o\000d\000e\000S\000t\000a\000t\000s\000\050\000\051}{subsection.10.5.2}% 50
\BOOKMARK [3][-]{subsubsection.10.5.2.7}{\376\377\0001\0000\000.\0005\000.\0002\000.\0007\000\040\000s\000w\000m\000m\000\137\000g\000e\000t\000N\000o\000d\000e\000T\000o\000t\000a\000l\000I\000n\000f\000l\000o\000w\000\050\000\051}{subsection.10.5.2}% 51
\BOOKMARK [3][-]{subsubsection.10.5.2.8}{\376\377\0001\0000\000.\0005\000.\0002\000.\0008\000\040\000s\000w\000m\000m\000\137\000g\000e\000t\000O\000u\000t\000f\000a\000l\000l\000S\000t\000a\000t\000s\000\050\000\051}{subsection.10.5.2}% 52
\BOOKMARK [3][-]{subsubsection.10.5.2.9}{\376\377\0001\0000\000.\0005\000.\0002\000.\0009\000\040\000s\000w\000m\000m\000\137\000g\000e\000t\000P\000u\000m\000p\000S\000t\000a\000t\000s\000\050\000\051}{subsection.10.5.2}% 53
\BOOKMARK [3][-]{subsubsection.10.5.2.10}{\376\377\0001\0000\000.\0005\000.\0002\000.\0001\0000\000\040\000s\000w\000m\000m\000\137\000g\000e\000t\000S\000t\000o\000r\000a\000g\000e\000S\000t\000a\000t\000s\000\050\000\051}{subsection.10.5.2}% 54
\BOOKMARK [3][-]{subsubsection.10.5.2.11}{\376\377\0001\0000\000.\0005\000.\0002\000.\0001\0001\000\040\000s\000w\000m\000m\000\137\000g\000e\000t\000S\000u\000b\000c\000a\000t\000c\000h\000R\000e\000s\000u\000l\000t\000\050\000\051}{subsection.10.5.2}% 55
\BOOKMARK [3][-]{subsubsection.10.5.2.12}{\376\377\0001\0000\000.\0005\000.\0002\000.\0001\0002\000\040\000s\000w\000m\000m\000\137\000g\000e\000t\000S\000u\000b\000c\000a\000t\000c\000h\000S\000t\000a\000t\000s\000\050\000\051}{subsection.10.5.2}% 56
\BOOKMARK [3][-]{subsubsection.10.5.2.13}{\376\377\0001\0000\000.\0005\000.\0002\000.\0001\0003\000\040\000s\000w\000m\000m\000\137\000g\000e\000t\000S\000y\000s\000t\000e\000m\000R\000o\000u\000t\000i\000n\000g\000S\000t\000a\000t\000s\000\050\000\051}{subsection.10.5.2}% 57
\BOOKMARK [3][-]{subsubsection.10.5.2.14}{\376\377\0001\0000\000.\0005\000.\0002\000.\0001\0004\000\040\000s\000w\000m\000m\000\137\000g\000e\000t\000S\000y\000s\000t\000e\000m\000R\000u\000n\000o\000f\000f\000S\000t\000a\000t\000s\000\050\000\051}{subsection.10.5.2}% 58
\BOOKMARK [3][-]{subsubsection.10.5.2.15}{\376\377\0001\0000\000.\0005\000.\0002\000.\0001\0005\000\040\000s\000w\000m\000m\000\137\000s\000e\000t\000L\000i\000n\000k\000S\000e\000t\000t\000i\000n\000g\000\050\000\051}{subsection.10.5.2}% 59
\BOOKMARK [3][-]{subsubsection.10.5.2.16}{\376\377\0001\0000\000.\0005\000.\0002\000.\0001\0006\000\040\000s\000w\000m\000m\000\137\000s\000e\000t\000N\000o\000d\000e\000I\000n\000f\000l\000o\000w\000\050\000\051}{subsection.10.5.2}% 60
\BOOKMARK [3][-]{subsubsection.10.5.2.17}{\376\377\0001\0000\000.\0005\000.\0002\000.\0001\0007\000\040\000s\000w\000m\000m\000\137\000s\000e\000t\000O\000u\000t\000f\000a\000l\000l\000S\000t\000a\000g\000e\000\050\000\051}{subsection.10.5.2}% 61
\BOOKMARK [0][-]{chapter.11}{\376\377\0001\0001\000\040\000D\000a\000t\000a\000\040\000S\000t\000r\000u\000c\000t\000u\000r\000e\000\040\000D\000o\000c\000u\000m\000e\000n\000t\000a\000t\000i\000o\000n}{}% 62
\BOOKMARK [1][-]{section.11.1}{\376\377\0001\0001\000.\0001\000\040\000S\000M\000\137\000L\000i\000n\000k\000S\000t\000a\000t\000s\000\040\000S\000t\000r\000u\000c\000t\000\040\000R\000e\000f\000e\000r\000e\000n\000c\000e}{chapter.11}% 63
\BOOKMARK [2][-]{subsection.11.1.1}{\376\377\0001\0001\000.\0001\000.\0001\000\040\000D\000e\000t\000a\000i\000l\000e\000d\000\040\000D\000e\000s\000c\000r\000i\000p\000t\000i\000o\000n}{section.11.1}% 64
\BOOKMARK [1][-]{section.11.2}{\376\377\0001\0001\000.\0002\000\040\000S\000M\000\137\000N\000o\000d\000e\000S\000t\000a\000t\000s\000\040\000S\000t\000r\000u\000c\000t\000\040\000R\000e\000f\000e\000r\000e\000n\000c\000e}{chapter.11}% 65
\BOOKMARK [2][-]{subsection.11.2.1}{\376\377\0001\0001\000.\0002\000.\0001\000\040\000D\000e\000t\000a\000i\000l\000e\000d\000\040\000D\000e\000s\000c\000r\000i\000p\000t\000i\000o\000n}{section.11.2}% 66
\BOOKMARK [1][-]{section.11.3}{\376\377\0001\0001\000.\0003\000\040\000S\000M\000\137\000O\000u\000t\000f\000a\000l\000l\000S\000t\000a\000t\000s\000\040\000S\000t\000r\000u\000c\000t\000\040\000R\000e\000f\000e\000r\000e\000n\000c\000e}{chapter.11}% 67
\BOOKMARK [2][-]{subsection.11.3.1}{\376\377\0001\0001\000.\0003\000.\0001\000\040\000D\000e\000t\000a\000i\000l\000e\000d\000\040\000D\000e\000s\000c\000r\000i\000p\000t\000i\000o\000n}{section.11.3}% 68
\BOOKMARK [1][-]{section.11.4}{\376\377\0001\0001\000.\0004\000\040\000S\000M\000\137\000P\000u\000m\000p\000S\000t\000a\000t\000s\000\040\000S\000t\000r\000u\000c\000t\000\040\000R\000e\000f\000e\000r\000e\000n\000c\000e}{chapter.11}% 69
\BOOKMARK [2][-]{subsection.11.4.1}{\376\377\0001\0001\000.\0004\000.\0001\000\040\000D\000e\000t\000a\000i\000l\000e\000d\000\040\000D\000e\000s\000c\000r\000i\000p\000t\000i\000o\000n}{section.11.4}% 70
\BOOKMARK [1][-]{section.11.5}{\376\377\0001\0001\000.\0005\000\040\000S\000M\000\137\000R\000o\000u\000t\000i\000n\000g\000T\000o\000t\000a\000l\000s\000\040\000S\000t\000r\000u\000c\000t\000\040\000R\000e\000f\000e\000r\000e\000n\000c\000e}{chapter.11}% 71
\BOOKMARK [2][-]{subsection.11.5.1}{\376\377\0001\0001\000.\0005\000.\0001\000\040\000D\000e\000t\000a\000i\000l\000e\000d\000\040\000D\000e\000s\000c\000r\000i\000p\000t\000i\000o\000n}{section.11.5}% 72
\BOOKMARK [1][-]{section.11.6}{\376\377\0001\0001\000.\0006\000\040\000S\000M\000\137\000R\000u\000n\000o\000f\000f\000T\000o\000t\000a\000l\000s\000\040\000S\000t\000r\000u\000c\000t\000\040\000R\000e\000f\000e\000r\000e\000n\000c\000e}{chapter.11}% 73
\BOOKMARK [2][-]{subsection.11.6.1}{\376\377\0001\0001\000.\0006\000.\0001\000\040\000D\000e\000t\000a\000i\000l\000e\000d\000\040\000D\000e\000s\000c\000r\000i\000p\000t\000i\000o\000n}{section.11.6}% 74
\BOOKMARK [1][-]{section.11.7}{\376\377\0001\0001\000.\0007\000\040\000S\000M\000\137\000S\000t\000o\000r\000a\000g\000e\000S\000t\000a\000t\000s\000\040\000S\000t\000r\000u\000c\000t\000\040\000R\000e\000f\000e\000r\000e\000n\000c\000e}{chapter.11}% 75
\BOOKMARK [2][-]{subsection.11.7.1}{\376\377\0001\0001\000.\0007\000.\0001\000\040\000D\000e\000t\000a\000i\000l\000e\000d\000\040\000D\000e\000s\000c\000r\000i\000p\000t\000i\000o\000n}{section.11.7}% 76
\BOOKMARK [1][-]{section.11.8}{\376\377\0001\0001\000.\0008\000\040\000S\000M\000\137\000S\000u\000b\000c\000a\000t\000c\000h\000S\000t\000a\000t\000s\000\040\000S\000t\000r\000u\000c\000t\000\040\000R\000e\000f\000e\000r\000e\000n\000c\000e}{chapter.11}% 77
\BOOKMARK [2][-]{subsection.11.8.1}{\376\377\0001\0001\000.\0008\000.\0001\000\040\000D\000e\000t\000a\000i\000l\000e\000d\000\040\000D\000e\000s\000c\000r\000i\000p\000t\000i\000o\000n}{section.11.8}% 78
\BOOKMARK [0][-]{chapter.12}{\376\377\0001\0002\000\040\000F\000i\000l\000e\000\040\000D\000o\000c\000u\000m\000e\000n\000t\000a\000t\000i\000o\000n}{}% 79
\BOOKMARK [1][-]{section.12.1}{\376\377\0001\0002\000.\0001\000\040\000C\000:\000/\000P\000R\000O\000J\000E\000C\000T\000C\000O\000D\000E\000/\000S\000t\000o\000r\000m\000w\000a\000t\000e\000r\000-\000M\000a\000n\000a\000g\000e\000m\000e\000n\000t\000-\000M\000o\000d\000e\000l\000/\000i\000n\000c\000l\000u\000d\000e\000/\000s\000w\000m\000m\0005\000.\000h\000\040\000F\000i\000l\000e\000\040\000R\000e\000f\000e\000r\000e\000n\000c\000e}{chapter.12}% 80
\BOOKMARK [2][-]{subsection.12.1.1}{\376\377\0001\0002\000.\0001\000.\0001\000\040\000D\000e\000t\000a\000i\000l\000e\000d\000\040\000D\000e\000s\000c\000r\000i\000p\000t\000i\000o\000n}{section.12.1}% 81
\BOOKMARK [2][-]{subsection.12.1.2}{\376\377\0001\0002\000.\0001\000.\0002\000\040\000F\000u\000n\000c\000t\000i\000o\000n\000\040\000D\000o\000c\000u\000m\000e\000n\000t\000a\000t\000i\000o\000n}{section.12.1}% 82
\BOOKMARK [3][-]{subsubsection.12.1.2.1}{\376\377\0001\0002\000.\0001\000.\0002\000.\0001\000\040\000s\000w\000m\000m\000\137\000c\000l\000o\000s\000e\000\050\000\051}{subsection.12.1.2}% 83
\BOOKMARK [3][-]{subsubsection.12.1.2.2}{\376\377\0001\0002\000.\0001\000.\0002\000.\0002\000\040\000s\000w\000m\000m\000\137\000e\000n\000d\000\050\000\051}{subsection.12.1.2}% 84
\BOOKMARK [3][-]{subsubsection.12.1.2.3}{\376\377\0001\0002\000.\0001\000.\0002\000.\0003\000\040\000s\000w\000m\000m\000\137\000g\000e\000t\000M\000a\000s\000s\000B\000a\000l\000E\000r\000r\000\050\000\051}{subsection.12.1.2}% 85
\BOOKMARK [3][-]{subsubsection.12.1.2.4}{\376\377\0001\0002\000.\0001\000.\0002\000.\0004\000\040\000s\000w\000m\000m\000\137\000g\000e\000t\000S\000e\000m\000V\000e\000r\000s\000i\000o\000n\000\050\000\051}{subsection.12.1.2}% 86
\BOOKMARK [3][-]{subsubsection.12.1.2.5}{\376\377\0001\0002\000.\0001\000.\0002\000.\0005\000\040\000s\000w\000m\000m\000\137\000g\000e\000t\000V\000e\000r\000s\000i\000o\000n\000\050\000\051}{subsection.12.1.2}% 87
\BOOKMARK [3][-]{subsubsection.12.1.2.6}{\376\377\0001\0002\000.\0001\000.\0002\000.\0006\000\040\000s\000w\000m\000m\000\137\000g\000e\000t\000V\000e\000r\000s\000i\000o\000n\000I\000n\000f\000o\000\050\000\051}{subsection.12.1.2}% 88
\BOOKMARK [3][-]{subsubsection.12.1.2.7}{\376\377\0001\0002\000.\0001\000.\0002\000.\0007\000\040\000s\000w\000m\000m\000\137\000o\000p\000e\000n\000\050\000\051}{subsection.12.1.2}% 89
\BOOKMARK [3][-]{subsubsection.12.1.2.8}{\376\377\0001\0002\000.\0001\000.\0002\000.\0008\000\040\000s\000w\000m\000m\000\137\000r\000e\000p\000o\000r\000t\000\050\000\051}{subsection.12.1.2}% 90
\BOOKMARK [3][-]{subsubsection.12.1.2.9}{\376\377\0001\0002\000.\0001\000.\0002\000.\0009\000\040\000s\000w\000m\000m\000\137\000r\000u\000n\000\050\000\051}{subsection.12.1.2}% 91
\BOOKMARK [3][-]{subsubsection.12.1.2.10}{\376\377\0001\0002\000.\0001\000.\0002\000.\0001\0000\000\040\000s\000w\000m\000m\000\137\000s\000t\000a\000r\000t\000\050\000\051}{subsection.12.1.2}% 92
\BOOKMARK [3][-]{subsubsection.12.1.2.11}{\376\377\0001\0002\000.\0001\000.\0002\000.\0001\0001\000\040\000s\000w\000m\000m\000\137\000s\000t\000e\000p\000\050\000\051}{subsection.12.1.2}% 93
\BOOKMARK [1][-]{section.12.2}{\376\377\0001\0002\000.\0002\000\040\000C\000:\000/\000P\000R\000O\000J\000E\000C\000T\000C\000O\000D\000E\000/\000S\000t\000o\000r\000m\000w\000a\000t\000e\000r\000-\000M\000a\000n\000a\000g\000e\000m\000e\000n\000t\000-\000M\000o\000d\000e\000l\000/\000i\000n\000c\000l\000u\000d\000e\000/\000t\000o\000o\000l\000k\000i\000t\000A\000P\000I\000.\000h\000\040\000F\000i\000l\000e\000\040\000R\000e\000f\000e\000r\000e\000n\000c\000e}{chapter.12}% 94
\BOOKMARK [2][-]{subsection.12.2.1}{\376\377\0001\0002\000.\0002\000.\0001\000\040\000D\000e\000t\000a\000i\000l\000e\000d\000\040\000D\000e\000s\000c\000r\000i\000p\000t\000i\000o\000n}{section.12.2}% 95
\BOOKMARK [2][-]{subsection.12.2.2}{\376\377\0001\0002\000.\0002\000.\0002\000\040\000E\000n\000u\000m\000e\000r\000a\000t\000i\000o\000n\000\040\000T\000y\000p\000e\000\040\000D\000o\000c\000u\000m\000e\000n\000t\000a\000t\000i\000o\000n}{section.12.2}% 96
\BOOKMARK [3][-]{subsubsection.12.2.2.1}{\376\377\0001\0002\000.\0002\000.\0002\000.\0001\000\040\000S\000M\000\137\000G\000a\000g\000e\000P\000r\000e\000c\000i\000p}{subsection.12.2.2}% 97
\BOOKMARK [3][-]{subsubsection.12.2.2.2}{\376\377\0001\0002\000.\0002\000.\0002\000.\0002\000\040\000S\000M\000\137\000L\000i\000n\000k\000P\000r\000o\000p\000e\000r\000t\000y}{subsection.12.2.2}% 98
\BOOKMARK [3][-]{subsubsection.12.2.2.3}{\376\377\0001\0002\000.\0002\000.\0002\000.\0003\000\040\000S\000M\000\137\000L\000i\000n\000k\000R\000e\000s\000u\000l\000t}{subsection.12.2.2}% 99
\BOOKMARK [3][-]{subsubsection.12.2.2.4}{\376\377\0001\0002\000.\0002\000.\0002\000.\0004\000\040\000S\000M\000\137\000L\000i\000n\000k\000T\000y\000p\000e}{subsection.12.2.2}% 100
\BOOKMARK [3][-]{subsubsection.12.2.2.5}{\376\377\0001\0002\000.\0002\000.\0002\000.\0005\000\040\000S\000M\000\137\000N\000o\000d\000e\000P\000r\000o\000p\000e\000r\000t\000y}{subsection.12.2.2}% 101
\BOOKMARK [3][-]{subsubsection.12.2.2.6}{\376\377\0001\0002\000.\0002\000.\0002\000.\0006\000\040\000S\000M\000\137\000N\000o\000d\000e\000R\000e\000s\000u\000l\000t}{subsection.12.2.2}% 102
\BOOKMARK [3][-]{subsubsection.12.2.2.7}{\376\377\0001\0002\000.\0002\000.\0002\000.\0007\000\040\000S\000M\000\137\000N\000o\000d\000e\000T\000y\000p\000e}{subsection.12.2.2}% 103
\BOOKMARK [3][-]{subsubsection.12.2.2.8}{\376\377\0001\0002\000.\0002\000.\0002\000.\0008\000\040\000S\000M\000\137\000O\000b\000j\000e\000c\000t\000T\000y\000p\000e}{subsection.12.2.2}% 104
\BOOKMARK [3][-]{subsubsection.12.2.2.9}{\376\377\0001\0002\000.\0002\000.\0002\000.\0009\000\040\000S\000M\000\137\000S\000i\000m\000O\000p\000t\000i\000o\000n}{subsection.12.2.2}% 105
\BOOKMARK [3][-]{subsubsection.12.2.2.10}{\376\377\0001\0002\000.\0002\000.\0002\000.\0001\0000\000\040\000S\000M\000\137\000S\000i\000m\000S\000e\000t\000t\000i\000n\000g}{subsection.12.2.2}% 106
\BOOKMARK [3][-]{subsubsection.12.2.2.11}{\376\377\0001\0002\000.\0002\000.\0002\000.\0001\0001\000\040\000S\000M\000\137\000S\000u\000b\000c\000P\000o\000l\000l\000u\000t}{subsection.12.2.2}% 107
\BOOKMARK [3][-]{subsubsection.12.2.2.12}{\376\377\0001\0002\000.\0002\000.\0002\000.\0001\0002\000\040\000S\000M\000\137\000S\000u\000b\000c\000P\000r\000o\000p\000e\000r\000t\000y}{subsection.12.2.2}% 108
\BOOKMARK [3][-]{subsubsection.12.2.2.13}{\376\377\0001\0002\000.\0002\000.\0002\000.\0001\0003\000\040\000S\000M\000\137\000S\000u\000b\000c\000R\000e\000s\000u\000l\000t}{subsection.12.2.2}% 109
\BOOKMARK [3][-]{subsubsection.12.2.2.14}{\376\377\0001\0002\000.\0002\000.\0002\000.\0001\0004\000\040\000S\000M\000\137\000T\000i\000m\000e\000P\000r\000o\000p\000e\000t\000y}{subsection.12.2.2}% 110
\BOOKMARK [3][-]{subsubsection.12.2.2.15}{\376\377\0001\0002\000.\0002\000.\0002\000.\0001\0005\000\040\000S\000M\000\137\000U\000n\000i\000t\000s}{subsection.12.2.2}% 111
\BOOKMARK [2][-]{subsection.12.2.3}{\376\377\0001\0002\000.\0002\000.\0003\000\040\000F\000u\000n\000c\000t\000i\000o\000n\000\040\000D\000o\000c\000u\000m\000e\000n\000t\000a\000t\000i\000o\000n}{section.12.2}% 112
\BOOKMARK [3][-]{subsubsection.12.2.3.1}{\376\377\0001\0002\000.\0002\000.\0003\000.\0001\000\040\000f\000r\000e\000e\000A\000r\000r\000a\000y\000\050\000\051}{subsection.12.2.3}% 113
\BOOKMARK [3][-]{subsubsection.12.2.3.2}{\376\377\0001\0002\000.\0002\000.\0003\000.\0002\000\040\000s\000w\000m\000m\000\137\000g\000e\000t\000G\000a\000g\000e\000P\000r\000e\000c\000i\000p\000\050\000\051}{subsection.12.2.3}% 114
\BOOKMARK [3][-]{subsubsection.12.2.3.3}{\376\377\0001\0002\000.\0002\000.\0003\000.\0003\000\040\000s\000w\000m\000m\000\137\000g\000e\000t\000O\000b\000j\000e\000c\000t\000I\000n\000d\000e\000x\000\050\000\051}{subsection.12.2.3}% 115
\BOOKMARK [3][-]{subsubsection.12.2.3.4}{\376\377\0001\0002\000.\0002\000.\0003\000.\0004\000\040\000s\000w\000m\000m\000\137\000g\000e\000t\000S\000u\000b\000c\000a\000t\000c\000h\000P\000o\000l\000l\000u\000t\000\050\000\051}{subsection.12.2.3}% 116
\BOOKMARK [3][-]{subsubsection.12.2.3.5}{\376\377\0001\0002\000.\0002\000.\0003\000.\0005\000\040\000s\000w\000m\000m\000\137\000s\000e\000t\000G\000a\000g\000e\000P\000r\000e\000c\000i\000p\000\050\000\051}{subsection.12.2.3}% 117
\BOOKMARK [1][-]{section.12.3}{\376\377\0001\0002\000.\0003\000\040\000C\000:\000/\000P\000R\000O\000J\000E\000C\000T\000C\000O\000D\000E\000/\000S\000t\000o\000r\000m\000w\000a\000t\000e\000r\000-\000M\000a\000n\000a\000g\000e\000m\000e\000n\000t\000-\000M\000o\000d\000e\000l\000/\000s\000r\000c\000/\000t\000o\000o\000l\000k\000i\000t\000A\000P\000I\000.\000c\000\040\000F\000i\000l\000e\000\040\000R\000e\000f\000e\000r\000e\000n\000c\000e}{chapter.12}% 118
\BOOKMARK [2][-]{subsection.12.3.1}{\376\377\0001\0002\000.\0003\000.\0001\000\040\000D\000e\000t\000a\000i\000l\000e\000d\000\040\000D\000e\000s\000c\000r\000i\000p\000t\000i\000o\000n}{section.12.3}% 119
\BOOKMARK [2][-]{subsection.12.3.2}{\376\377\0001\0002\000.\0003\000.\0002\000\040\000F\000u\000n\000c\000t\000i\000o\000n\000\040\000D\000o\000c\000u\000m\000e\000n\000t\000a\000t\000i\000o\000n}{section.12.3}% 120
\BOOKMARK [3][-]{subsubsection.12.3.2.1}{\376\377\0001\0002\000.\0003\000.\0002\000.\0001\000\040\000f\000r\000e\000e\000A\000r\000r\000a\000y\000\050\000\051}{subsection.12.3.2}% 121
\BOOKMARK [3][-]{subsubsection.12.3.2.2}{\376\377\0001\0002\000.\0003\000.\0002\000.\0002\000\040\000n\000e\000w\000D\000o\000u\000b\000l\000e\000A\000r\000r\000a\000y\000\050\000\051}{subsection.12.3.2}% 122
\BOOKMARK [3][-]{subsubsection.12.3.2.3}{\376\377\0001\0002\000.\0003\000.\0002\000.\0003\000\040\000s\000w\000m\000m\000\137\000g\000e\000t\000G\000a\000g\000e\000P\000r\000e\000c\000i\000p\000\050\000\051}{subsection.12.3.2}% 123
\BOOKMARK [3][-]{subsubsection.12.3.2.4}{\376\377\0001\0002\000.\0003\000.\0002\000.\0004\000\040\000s\000w\000m\000m\000\137\000g\000e\000t\000O\000b\000j\000e\000c\000t\000I\000n\000d\000e\000x\000\050\000\051}{subsection.12.3.2}% 124
\BOOKMARK [3][-]{subsubsection.12.3.2.5}{\376\377\0001\0002\000.\0003\000.\0002\000.\0005\000\040\000s\000w\000m\000m\000\137\000g\000e\000t\000S\000u\000b\000c\000a\000t\000c\000h\000P\000o\000l\000l\000u\000t\000\050\000\051}{subsection.12.3.2}% 125
\BOOKMARK [3][-]{subsubsection.12.3.2.6}{\376\377\0001\0002\000.\0003\000.\0002\000.\0006\000\040\000s\000w\000m\000m\000\137\000s\000e\000t\000G\000a\000g\000e\000P\000r\000e\000c\000i\000p\000\050\000\051}{subsection.12.3.2}% 126
\BOOKMARK [0][-]{section*.55}{\376\377\000I\000n\000d\000e\000x}{}% 127
